2026-03-28 01:48:25,219 [INFO] =======================================================
2026-03-28 01:48:25,219 [INFO]   рџҐ‡ GOLD SCALPER BOT вЂ” dГ©marrage
2026-03-28 01:48:25,219 [INFO]   Symbole   : XAUUSD
2026-03-28 01:48:25,219 [INFO]   Capital   : $200.0
2026-03-28 01:48:25,219 [INFO]   Risque    : 2% / trade
2026-03-28 01:48:25,220 [INFO] =======================================================
2026-03-28 01:48:25,220 [INFO] 
в”Ђв”Ђ Cycle #1  00:48:25 UTC в”Ђв”Ђв”Ђв”Ђв”Ђв”Ђв”Ђв”Ђв”Ђв”Ђв”Ђв”Ђв”Ђв”Ђв”Ђв”Ђв”Ђв”Ђв”Ђв”Ђв”Ђв”Ђв”Ђв”Ђв”Ђв”Ђ
2026-03-28 01:48:25,220 [INFO] Sessions actives : Sydney, Tokyo 
2026-03-28 01:48:25,220 [INFO] Hors session вЂ” attente...
2026-03-28 01:53:25,241 [INFO] 
в”Ђв”Ђ Cycle #2  00:53:25 UTC в”Ђв”Ђв”Ђв”Ђв”Ђв”Ђв”Ђв”Ђв”Ђв”Ђв”Ђв”Ђв”Ђв”Ђв”Ђв”Ђв”Ђв”Ђв”Ђв”Ђв”Ђв”Ђв”Ђв”Ђв”Ђв”Ђ
2026-03-28 01:53:25,246 [INFO] Sessions actives : Sydney, Tokyo 
2026-03-28 01:53:25,246 [INFO] Hors session вЂ” attente...
2026-03-28 01:57:57,431 [INFO] 
рџ›‘ ArrГЄt du bot (Ctrl+C)
2026-03-28 01:57:59,368 [INFO] =======================================================
2026-03-28 01:57:59,368 [INFO]   рџҐ‡ GOLD SCALPER BOT вЂ” dГ©marrage
2026-03-28 01:57:59,368 [INFO]   Symbole   : XAUUSD
2026-03-28 01:57:59,368 [INFO]   Capital   : $200.0
2026-03-28 01:57:59,368 [INFO]   Risque    : 2% / trade
2026-03-28 01:57:59,368 [INFO] =======================================================
2026-03-28 01:57:59,368 [INFO] 
в”Ђв”Ђ Cycle #1  00:57:59 UTC в”Ђв”Ђв”Ђв”Ђв”Ђв”Ђв”Ђв”Ђв”Ђв”Ђв”Ђв”Ђв”Ђв”Ђв”Ђв”Ђв”Ђв”Ђв”Ђв”Ђв”Ђв”Ђв”Ђв”Ђв”Ђв”Ђ
2026-03-28 01:57:59,368 [INFO] Sessions actives : Sydney, Tokyo 
2026-03-28 18:36:19,302 [INFO] =======================================================
2026-03-28 18:36:19,302 [INFO]   рџҐ‡ GOLD SCALPER BOT вЂ” dГ©marrage
2026-03-28 18:36:19,302 [INFO]   Symbole   : XAUUSD
2026-03-28 18:36:19,302 [INFO]   Capital   : $200.0
2026-03-28 18:36:19,302 [INFO]   Risque    : 2% / trade
2026-03-28 18:36:19,302 [INFO] =======================================================
2026-03-28 18:36:19,302 [INFO] 
в”Ђв”Ђ Cycle #1  17:36:19 UTC в”Ђв”Ђв”Ђв”Ђв”Ђв”Ђв”Ђв”Ђв”Ђв”Ђв”Ђв”Ђв”Ђв”Ђв”Ђв”Ђв”Ђв”Ђв”Ђв”Ђв”Ђв”Ђв”Ђв”Ђв”Ђв”Ђ
2026-03-28 18:36:19,302 [INFO] Sessions actives : NewYork 
2026-03-28 18:41:08,920 [INFO] =======================================================
2026-03-28 18:41:08,920 [INFO]   рџҐ‡ GOLD SCALPER BOT вЂ” dГ©marrage
2026-03-28 18:41:08,920 [INFO]   Symbole   : XAUUSD
2026-03-28 18:41:08,920 [INFO]   Capital   : $200.0
2026-03-28 18:41:08,920 [INFO]   Risque    : 2% / trade
2026-03-28 18:41:08,920 [INFO] =======================================================
2026-03-28 18:41:08,920 [INFO] 
в”Ђв”Ђ Cycle #1  17:41:08 UTC в”Ђв”Ђв”Ђв”Ђв”Ђв”Ђв”Ђв”Ђв”Ђв”Ђв”Ђв”Ђв”Ђв”Ђв”Ђв”Ђв”Ђв”Ђв”Ђв”Ђв”Ђв”Ђв”Ђв”Ђв”Ђв”Ђ
2026-03-28 18:41:08,920 [INFO] Sessions actives : NewYork 
2026-03-28 21:05:40,720 [INFO] =======================================================
2026-03-28 21:05:40,720 [INFO]   GOLD SCALPER BOT вЂ” OANDA
2026-03-28 21:05:40,720 [INFO]   Symbole  : XAUUSD
2026-03-28 21:05:40,720 [INFO]   Capital  : $200.0
2026-03-28 21:05:40,720 [INFO]   Risque   : 2% / trade
2026-03-28 21:05:40,720 [INFO]   Mode     : DEMO
2026-03-28 21:05:40,720 [INFO] =======================================================
2026-03-28 21:05:42,241 [ERROR] Connexion OANDA Г©chouГ©e : 401 Client Error: Unauthorized for url: https://api-fxpractice.oanda.com/v3/accounts/101-001-12345678-001/summary
2026-03-28 21:05:42,241 [ERROR] VГ©rifiez OANDA_API_KEY et OANDA_ACCOUNT_ID dans config.py
2026-03-30 13:41:49,258 [INFO] =======================================================
2026-03-30 13:41:49,259 [INFO]   GOLD SCALPER BOT — INTERACTIVE BROKERS (IBKR)
2026-03-30 13:41:49,259 [INFO]   Symbole  : XAU/USD
2026-03-30 13:41:49,260 [INFO]   Capital  : $10000
2026-03-30 13:41:49,260 [INFO]   Risque   : 2% / trade
2026-03-30 13:41:49,261 [INFO] =======================================================
2026-03-30 13:49:59,845 [INFO] =======================================================
2026-03-30 13:49:59,846 [INFO]   GOLD SCALPER BOT — INTERACTIVE BROKERS (IBKR)
2026-03-30 13:49:59,846 [INFO]   Symbole  : XAU/USD
2026-03-30 13:49:59,846 [INFO]   Capital  : $10000
2026-03-30 13:49:59,847 [INFO]   Risque   : 2% / trade
2026-03-30 13:49:59,847 [INFO] =======================================================
2026-03-30 15:26:54,048 [INFO] =======================================================
2026-03-30 15:26:54,048 [INFO]   GOLD SCALPER BOT — INTERACTIVE BROKERS (IBKR)
2026-03-30 15:26:54,049 [INFO]   Symbole  : XAU/USD
2026-03-30 15:26:54,049 [INFO]   Capital  : $10000
2026-03-30 15:26:54,049 [INFO]   Risque   : 2% / trade
2026-03-30 15:26:54,049 [INFO] =======================================================
2026-03-30 15:26:54,050 [WARNING] Tentative 1/3 - Йchec connexion: Timeout should be used inside a task
2026-03-30 15:26:56,052 [WARNING] Tentative 2/3 - Йchec connexion: Timeout should be used inside a task
2026-03-30 15:26:58,054 [WARNING] Tentative 3/3 - Йchec connexion: Timeout should be used inside a task
2026-03-30 15:27:55,464 [INFO] =======================================================
2026-03-30 15:27:55,465 [INFO]   GOLD SCALPER BOT — INTERACTIVE BROKERS (IBKR)
2026-03-30 15:27:55,465 [INFO]   Symbole  : XAU/USD
2026-03-30 15:27:55,465 [INFO]   Capital  : $10000
2026-03-30 15:27:55,465 [INFO]   Risque   : 2% / trade
2026-03-30 15:27:55,466 [INFO] =======================================================
2026-03-30 15:27:55,466 [WARNING] Tentative 1/3 - Йchec connexion: Timeout should be used inside a task
2026-03-30 15:27:57,468 [WARNING] Tentative 2/3 - Йchec connexion: Timeout should be used inside a task
2026-03-30 15:27:59,469 [WARNING] Tentative 3/3 - Йchec connexion: Timeout should be used inside a task
2026-03-30 15:42:33,991 [INFO] =======================================================
2026-03-30 15:42:33,991 [INFO]   GOLD SCALPER BOT — INTERACTIVE BROKERS (IBKR)
2026-03-30 15:42:33,992 [INFO]   Symbole  : XAU/USD
2026-03-30 15:42:33,992 [INFO]   Capital  : $10000
2026-03-30 15:42:33,992 [INFO]   Risque   : 2% / trade
2026-03-30 15:42:33,993 [INFO] =======================================================
2026-03-30 15:42:34,096 [WARNING] Tentative 1/3 - Йchec connexion: name 'IB' is not defined
2026-03-30 15:42:36,097 [WARNING] Tentative 2/3 - Йchec connexion: name 'IB' is not defined
2026-03-30 15:42:38,098 [WARNING] Tentative 3/3 - Йchec connexion: name 'IB' is not defined
2026-03-30 15:50:12,399 [INFO] =======================================================
2026-03-30 15:50:12,402 [INFO]   GOLD SCALPER BOT — INTERACTIVE BROKERS (IBKR)
2026-03-30 15:50:12,403 [INFO]   Symbole  : XAU/USD
2026-03-30 15:50:12,403 [INFO]   Capital  : $10000
2026-03-30 15:50:12,403 [INFO]   Risque   : 2% / trade
2026-03-30 15:50:12,403 [INFO] =======================================================
2026-03-30 15:50:12,607 [WARNING] Tentative 1/3 - Йchec connexion: Timeout should be used inside a task
2026-03-30 15:50:14,609 [WARNING] Tentative 2/3 - Йchec connexion: Timeout should be used inside a task
2026-03-30 15:50:16,611 [WARNING] Tentative 3/3 - Йchec connexion: Timeout should be used inside a task
2026-03-30 15:54:58,165 [INFO] =======================================================
2026-03-30 15:54:58,165 [INFO]   GOLD SCALPER BOT — INTERACTIVE BROKERS (IBKR)
2026-03-30 15:54:58,166 [INFO]   Symbole  : XAU/USD
2026-03-30 15:54:58,166 [INFO]   Capital  : $10000
2026-03-30 15:54:58,166 [INFO]   Risque   : 2% / trade
2026-03-30 15:54:58,167 [INFO] =======================================================
2026-03-30 15:54:58,168 [WARNING] Tentative 1/3 - Йchec connexion: Timeout should be used inside a task
2026-03-30 15:55:00,170 [WARNING] Tentative 2/3 - Йchec connexion: Timeout should be used inside a task
2026-03-30 15:55:02,172 [WARNING] Tentative 3/3 - Йchec connexion: Timeout should be used inside a task
2026-03-30 15:57:18,211 [INFO] =======================================================
2026-03-30 15:57:18,214 [INFO]   GOLD SCALPER BOT — INTERACTIVE BROKERS (IBKR)
2026-03-30 15:57:18,215 [INFO]   Symbole  : XAU/USD
2026-03-30 15:57:18,216 [INFO]   Capital  : $10000
2026-03-30 15:57:18,217 [INFO]   Risque   : 2% / trade
2026-03-30 15:57:18,218 [INFO] =======================================================
2026-03-30 15:57:18,252 [INFO] Connection acknowledged
2026-03-30 15:57:18,272 [INFO] Next valid order ID: 1
2026-03-30 15:57:18,274 [ERROR] IBKR Error 2104: La connexion de donnйes de marchй est OK:usfarm
2026-03-30 15:57:18,277 [ERROR] IBKR Error 2107: La connexion de donnйes HMDS est inactive mais disponible sur demande.ushmds
2026-03-30 15:57:18,285 [ERROR] IBKR Error 2158: La connexion de la batterie de serveurs Sec-def est OK:secdefnj
2026-03-30 15:57:18,845 [INFO] 
-- Cycle #1  13:57:18 UTC --
2026-03-30 15:57:18,900 [ERROR] Erreur: 'Close'
2026-03-30 15:57:19,915 [ERROR] IBKR Error 2119: Connexion aux donnйes de marchй:eufarm
2026-03-30 15:57:20,913 [ERROR] IBKR Error 2104: La connexion de donnйes de marchй est OK:eufarm
2026-03-30 15:57:21,221 [ERROR] IBKR Error 354: Requested market data is not subscribed.Des donnйes de marchй en diffйrй sont disponibles.XAUUSD CFD (XAUUSD)/TOP/ALL
2026-03-30 15:57:37,460 [INFO] Arrкt du bot (Ctrl+C)
2026-03-30 15:57:37,648 [INFO] Arrкt du bot (Ctrl+C)
2026-03-30 16:04:47,352 [INFO] =======================================================
2026-03-30 16:04:47,353 [INFO]   GOLD SCALPER BOT — INTERACTIVE BROKERS (IBKR)
2026-03-30 16:04:47,354 [INFO]   Symbole  : XAU/USD
2026-03-30 16:04:47,354 [INFO]   Capital  : $10000
2026-03-30 16:04:47,355 [INFO]   Risque   : 2% / trade
2026-03-30 16:04:47,356 [INFO] =======================================================
2026-03-30 16:04:47,375 [INFO] Connection acknowledged
2026-03-30 16:04:47,386 [INFO] Next valid order ID: 1
2026-03-30 16:04:47,388 [ERROR] IBKR Error 2104: La connexion de donnйes de marchй est OK:usfarm
2026-03-30 16:04:47,389 [ERROR] IBKR Error 2107: La connexion de donnйes HMDS est inactive mais disponible sur demande.ushmds
2026-03-30 16:04:47,391 [ERROR] IBKR Error 2158: La connexion de la batterie de serveurs Sec-def est OK:secdefnj
2026-03-30 16:04:47,920 [INFO] 
-- Cycle #1  14:04:47 UTC --
2026-03-30 16:04:47,928 [ERROR] Erreur: 'Close'
2026-03-30 16:04:48,342 [ERROR] IBKR Error 2119: Connexion aux donnйes de marchй:eufarm
2026-03-30 16:04:49,043 [ERROR] IBKR Error 2104: La connexion de donnйes de marchй est OK:eufarm
2026-03-30 16:04:49,291 [ERROR] IBKR Error 354: Requested market data is not subscribed.Des donnйes de marchй en diffйrй sont disponibles.XAUUSD CFD (XAUUSD)/TOP/ALL
2026-03-30 16:05:47,930 [INFO] 
-- Cycle #2  14:05:47 UTC --
2026-03-30 16:05:47,936 [ERROR] Erreur: 'Close'
2026-03-30 16:06:05,031 [INFO] Arrкt du bot (Ctrl+C)
2026-03-30 16:06:05,232 [INFO] Arrкt du bot (Ctrl+C)
2026-03-30 16:06:13,291 [INFO] =======================================================
2026-03-30 16:06:13,292 [INFO]   GOLD SCALPER BOT — INTERACTIVE BROKERS (IBKR)
2026-03-30 16:06:13,293 [INFO]   Symbole  : XAU/USD
2026-03-30 16:06:13,293 [INFO]   Capital  : $10000
2026-03-30 16:06:13,294 [INFO]   Risque   : 2% / trade
2026-03-30 16:06:13,295 [INFO] =======================================================
2026-03-30 16:06:13,315 [INFO] Connection acknowledged
2026-03-30 16:06:13,326 [INFO] Next valid order ID: 1
2026-03-30 16:06:13,327 [ERROR] IBKR Error 2104: La connexion de donnйes de marchй est OK:eufarm
2026-03-30 16:06:13,332 [ERROR] IBKR Error 2104: La connexion de donnйes de marchй est OK:usfarm
2026-03-30 16:06:13,337 [ERROR] IBKR Error 2107: La connexion de donnйes HMDS est inactive mais disponible sur demande.ushmds
2026-03-30 16:06:13,338 [ERROR] IBKR Error 2158: La connexion de la batterie de serveurs Sec-def est OK:secdefnj
2026-03-30 16:06:13,841 [INFO] OrderExecutor initialise
2026-03-30 16:06:13,850 [INFO] 
-- Cycle #1  14:06:13 UTC --
2026-03-30 16:06:13,862 [ERROR] Erreur: 'Close'
2026-03-30 16:06:14,469 [ERROR] IBKR Error 354: Requested market data is not subscribed.Des donnйes de marchй en diffйrй sont disponibles.XAUUSD CFD (XAUUSD)/TOP/ALL
2026-03-30 16:07:13,865 [INFO] 
-- Cycle #2  14:07:13 UTC --
2026-03-30 16:07:13,870 [ERROR] Erreur: 'Close'
2026-03-30 16:08:13,872 [INFO] 
-- Cycle #3  14:08:13 UTC --
2026-03-30 16:08:13,877 [ERROR] Erreur: 'Close'
2026-03-30 16:08:23,167 [ERROR] IBKR Error 2108: La connexion de donnйes de marchй est inactive mais disponible sur demande.eufarm
2026-03-30 16:08:23,178 [ERROR] IBKR Error 2108: La connexion de donnйes de marchй est inactive mais disponible sur demande.eufarm
2026-03-30 16:09:13,879 [INFO] 
-- Cycle #4  14:09:13 UTC --
2026-03-30 16:09:13,885 [ERROR] Erreur: 'Close'
2026-03-30 16:09:18,259 [INFO] Arrкt du bot (Ctrl+C)
2026-03-30 16:09:18,411 [INFO] Arrкt du bot (Ctrl+C)
2026-03-30 16:09:24,220 [INFO] =======================================================
2026-03-30 16:09:24,221 [INFO]   GOLD SCALPER BOT — INTERACTIVE BROKERS (IBKR)
2026-03-30 16:09:24,222 [INFO]   Symbole  : XAU/USD
2026-03-30 16:09:24,223 [INFO]   Capital  : $10000
2026-03-30 16:09:24,223 [INFO]   Risque   : 2% / trade
2026-03-30 16:09:24,224 [INFO] =======================================================
2026-03-30 16:09:24,241 [INFO] Connection acknowledged
2026-03-30 16:09:24,248 [INFO] Next valid order ID: 1
2026-03-30 16:09:24,250 [ERROR] IBKR Error 2104: La connexion de donnйes de marchй est OK:usfarm
2026-03-30 16:09:24,251 [ERROR] IBKR Error 2107: La connexion de donnйes HMDS est inactive mais disponible sur demande.ushmds
2026-03-30 16:09:24,253 [ERROR] IBKR Error 2158: La connexion de la batterie de serveurs Sec-def est OK:secdefnj
2026-03-30 16:09:24,743 [INFO]  Connectй а IBKR via IBAPI
2026-03-30 16:09:24,746 [INFO] OrderExecutor initialise
2026-03-30 16:09:24,751 [INFO] 
-- Cycle #1  14:09:24 UTC --
2026-03-30 16:09:25,083 [ERROR] IBKR Error 2119: Connexion aux donnйes de marchй:eufarm
2026-03-30 16:09:26,043 [ERROR] IBKR Error 2104: La connexion de donnйes de marchй est OK:eufarm
2026-03-30 16:09:26,284 [ERROR] IBKR Error 354: Requested market data is not subscribed.Des donnйes de marchй en diffйrй sont disponibles.XAUUSD CFD (XAUUSD)/TOP/ALL
2026-03-30 16:09:29,837 [INFO] Compteurs journaliers rйinitialisйs
2026-03-30 16:09:29,977 [ERROR] Erreur: 'EMA9'
2026-03-30 16:09:42,926 [INFO] Arrкt du bot (Ctrl+C)
2026-03-30 16:09:43,121 [INFO] Arrкt du bot (Ctrl+C)
2026-03-30 16:09:48,890 [INFO] =======================================================
2026-03-30 16:09:48,891 [INFO]   GOLD SCALPER BOT - INTERACTIVE BROKERS (IBKR)
2026-03-30 16:09:48,892 [INFO]   Symbole  : XAU/USD
2026-03-30 16:09:48,893 [INFO]   Capital  : $10000
2026-03-30 16:09:48,893 [INFO]   Risque   : 2% / trade
2026-03-30 16:09:48,894 [INFO] =======================================================
2026-03-30 16:09:48,912 [INFO] Connection acknowledged
2026-03-30 16:09:48,924 [INFO] Next valid order ID: 1
2026-03-30 16:09:48,925 [ERROR] IBKR Error 2104: La connexion de donnйes de marchй est OK:eufarm
2026-03-30 16:09:48,927 [ERROR] IBKR Error 2104: La connexion de donnйes de marchй est OK:usfarm
2026-03-30 16:09:48,929 [ERROR] IBKR Error 2107: La connexion de donnйes HMDS est inactive mais disponible sur demande.ushmds
2026-03-30 16:09:48,931 [ERROR] IBKR Error 2158: La connexion de la batterie de serveurs Sec-def est OK:secdefnj
2026-03-30 16:09:49,414 [INFO]  Connectй а IBKR via IBAPI
2026-03-30 16:09:49,416 [INFO] OrderExecutor initialise
2026-03-30 16:09:49,417 [INFO] OrderExecutor initialise avec succes
2026-03-30 16:09:49,420 [INFO] 
-- Cycle #1  14:09:49 UTC --
2026-03-30 16:09:50,007 [ERROR] IBKR Error 354: Requested market data is not subscribed.Des donnйes de marchй en diffйrй sont disponibles.XAUUSD CFD (XAUUSD)/TOP/ALL
2026-03-30 16:09:54,628 [ERROR] Erreur signal: 'EMA9'
2026-03-30 16:09:54,629 [INFO] Strategie : ema_crossover  |  Signal : HOLD  |  Prix : $2650.00
2026-03-30 16:09:54,630 [INFO] En attente d'un signal...
2026-03-30 16:09:54,632 [INFO] Marge dispo : $1000000.00  |  Trades aujourd'hui : 0/20 | P&L total : $+0.00 | Cooldown : False
2026-03-30 16:10:27,901 [INFO] Arret du bot (Ctrl+C)
2026-03-30 16:10:28,065 [INFO] Arret du bot (Ctrl+C)
2026-03-30 16:10:37,722 [INFO] =======================================================
2026-03-30 16:10:37,724 [INFO]   GOLD SCALPER BOT - INTERACTIVE BROKERS (IBKR)
2026-03-30 16:10:37,725 [INFO]   Symbole  : XAU/USD
2026-03-30 16:10:37,726 [INFO]   Capital  : $10000
2026-03-30 16:10:37,727 [INFO]   Risque   : 2% / trade
2026-03-30 16:10:37,728 [INFO] =======================================================
2026-03-30 16:10:37,751 [INFO] Connection acknowledged
2026-03-30 16:10:37,763 [INFO] Next valid order ID: 1
2026-03-30 16:10:37,764 [ERROR] IBKR Error 2104: La connexion de donnйes de marchй est OK:eufarm
2026-03-30 16:10:37,765 [ERROR] IBKR Error 2104: La connexion de donnйes de marchй est OK:usfarm
2026-03-30 16:10:37,767 [ERROR] IBKR Error 2107: La connexion de donnйes HMDS est inactive mais disponible sur demande.ushmds
2026-03-30 16:10:37,769 [ERROR] IBKR Error 2158: La connexion de la batterie de serveurs Sec-def est OK:secdefnj
2026-03-30 16:10:38,255 [INFO]  Connectй а IBKR via IBAPI
2026-03-30 16:10:38,257 [INFO] OrderExecutor initialise
2026-03-30 16:10:38,258 [INFO] OrderExecutor initialise avec succes
2026-03-30 16:10:38,261 [INFO] 
-- Cycle #1  14:10:38 UTC --
2026-03-30 16:10:38,262 [ERROR] Erreur boucle principale: module 'config' has no attribute 'SESSION_START'
2026-03-30 16:10:38,940 [ERROR] IBKR Error 354: Requested market data is not subscribed.Des donnйes de marchй en diffйrй sont disponibles.XAUUSD CFD (XAUUSD)/TOP/ALL
2026-03-30 16:11:38,265 [INFO] 
-- Cycle #2  14:11:38 UTC --
2026-03-30 16:11:38,266 [ERROR] Erreur boucle principale: module 'config' has no attribute 'SESSION_START'
2026-03-30 16:11:49,197 [INFO] Arret du bot (Ctrl+C)
2026-03-30 16:11:51,771 [INFO] Arret du bot (Ctrl+C)
2026-03-30 16:11:58,614 [INFO] =======================================================
2026-03-30 16:11:58,615 [INFO]   GOLD SCALPER BOT - INTERACTIVE BROKERS (IBKR)
2026-03-30 16:11:58,616 [INFO]   Symbole  : XAU/USD
2026-03-30 16:11:58,617 [INFO]   Capital  : $10000
2026-03-30 16:11:58,618 [INFO]   Risque   : 2% / trade
2026-03-30 16:11:58,619 [INFO] =======================================================
2026-03-30 16:11:58,637 [INFO] Connection acknowledged
2026-03-30 16:11:58,651 [INFO] Next valid order ID: 1
2026-03-30 16:11:58,652 [ERROR] IBKR Error 2104: La connexion de donnйes de marchй est OK:eufarm
2026-03-30 16:11:58,653 [ERROR] IBKR Error 2104: La connexion de donnйes de marchй est OK:usfarm
2026-03-30 16:11:58,655 [ERROR] IBKR Error 2107: La connexion de donnйes HMDS est inactive mais disponible sur demande.ushmds
2026-03-30 16:11:58,657 [ERROR] IBKR Error 2158: La connexion de la batterie de serveurs Sec-def est OK:secdefnj
2026-03-30 16:11:59,139 [INFO]  Connectй а IBKR via IBAPI
2026-03-30 16:11:59,142 [INFO] OrderExecutor initialise
2026-03-30 16:11:59,143 [INFO] OrderExecutor initialise avec succes
2026-03-30 16:11:59,145 [INFO] 
-- Cycle #1  14:11:59 UTC --
2026-03-30 16:11:59,147 [INFO] Sessions actives : London, New York
2026-03-30 16:11:59,797 [ERROR] IBKR Error 354: Requested market data is not subscribed.Des donnйes de marchй en diffйrй sont disponibles.XAUUSD CFD (XAUUSD)/TOP/ALL
2026-03-30 16:12:04,331 [ERROR] Erreur signal: 'EMA9'
2026-03-30 16:12:04,332 [INFO] Strategie : ema_crossover  |  Signal : HOLD  |  Prix : $2650.00
2026-03-30 16:12:04,333 [INFO] En attente d'un signal...
2026-03-30 16:12:04,334 [INFO] Marge dispo : $1000000.00  |  Trades aujourd'hui : 0/20 | P&L total : $+0.00 | Cooldown : False
2026-03-30 16:12:40,282 [INFO] Arret du bot (Ctrl+C)
2026-03-30 16:12:40,459 [INFO] Arret du bot (Ctrl+C)
2026-03-30 16:13:32,423 [INFO] =======================================================
2026-03-30 16:13:32,424 [INFO]   GOLD SCALPER BOT - INTERACTIVE BROKERS (IBKR)
2026-03-30 16:13:32,425 [INFO]   Symbole  : XAU/USD
2026-03-30 16:13:32,426 [INFO]   Capital  : $10000
2026-03-30 16:13:32,426 [INFO]   Risque   : 2% / trade
2026-03-30 16:13:32,427 [INFO] =======================================================
2026-03-30 16:13:32,448 [INFO] Connection acknowledged
2026-03-30 16:13:32,456 [INFO] Next valid order ID: 1
2026-03-30 16:13:32,457 [ERROR] IBKR Error 2104: La connexion de donnйes de marchй est OK:eufarm
2026-03-30 16:13:32,458 [ERROR] IBKR Error 2104: La connexion de donnйes de marchй est OK:usfarm
2026-03-30 16:13:32,459 [ERROR] IBKR Error 2107: La connexion de donnйes HMDS est inactive mais disponible sur demande.ushmds
2026-03-30 16:13:32,461 [ERROR] IBKR Error 2158: La connexion de la batterie de serveurs Sec-def est OK:secdefnj
2026-03-30 16:13:32,950 [INFO]  Connectй а IBKR via IBAPI
2026-03-30 16:13:32,951 [INFO] OrderExecutor initialise
2026-03-30 16:13:32,952 [INFO] OrderExecutor initialise avec succes
2026-03-30 16:13:32,955 [INFO] 
-- Cycle #1  14:13:32 UTC --
2026-03-30 16:13:32,956 [INFO] Sessions actives : London, New York
2026-03-30 16:13:33,555 [ERROR] IBKR Error 354: Requested market data is not subscribed.Des donnйes de marchй en diffйrй sont disponibles.XAUUSD CFD (XAUUSD)/TOP/ALL
2026-03-30 16:13:38,009 [INFO] Load Balancer
2026-03-30 16:13:38,011 [INFO]   ema_crossover             score=0.050 ##
2026-03-30 16:13:38,011 [INFO]   rsi_mean_reversion        score=0.050 ##
2026-03-30 16:13:38,012 [INFO]   bollinger_breakout        score=0.050 ##
2026-03-30 16:13:38,013 [INFO]   vwap_momentum             score=0.050 ##
2026-03-30 16:13:38,014 [INFO]   macd_scalp                score=0.050 ##
2026-03-30 16:13:38,015 [INFO]   heiken_ashi               score=0.050 ##
2026-03-30 16:13:38,016 [INFO]   Fallback (donnees insuffisantes) : ema_crossover
2026-03-30 16:13:38,019 [INFO] Strategie : ema_crossover  |  Signal : HOLD  |  Prix : $2650.00
2026-03-30 16:13:38,020 [INFO] En attente d'un signal...
2026-03-30 16:13:38,022 [INFO] Marge dispo : $1000000.00  |  Trades aujourd'hui : 0/20 | P&L total : $+0.00 | Cooldown : False
2026-03-30 16:14:38,024 [INFO] 
-- Cycle #2  14:14:38 UTC --
2026-03-30 16:14:38,025 [INFO] Sessions actives : London, New York
2026-03-30 16:14:43,081 [INFO] Load Balancer
2026-03-30 16:14:43,082 [INFO]   ema_crossover             score=0.050 ##
2026-03-30 16:14:43,083 [INFO]   rsi_mean_reversion        score=0.050 ##
2026-03-30 16:14:43,084 [INFO]   bollinger_breakout        score=0.050 ##
2026-03-30 16:14:43,084 [INFO]   vwap_momentum             score=0.050 ##
2026-03-30 16:14:43,085 [INFO]   macd_scalp                score=0.050 ##
2026-03-30 16:14:43,086 [INFO]   heiken_ashi               score=0.050 ##
2026-03-30 16:14:43,087 [INFO]   Fallback (donnees insuffisantes) : ema_crossover
2026-03-30 16:14:43,089 [INFO] Strategie : ema_crossover  |  Signal : HOLD  |  Prix : $2650.00
2026-03-30 16:14:43,090 [INFO] En attente d'un signal...
2026-03-30 16:14:43,092 [INFO] Marge dispo : $1000000.00  |  Trades aujourd'hui : 0/20 | P&L total : $+0.00 | Cooldown : False
2026-03-30 16:15:43,093 [INFO] 
-- Cycle #3  14:15:43 UTC --
2026-03-30 16:15:43,094 [INFO] Sessions actives : London, New York
2026-03-30 16:15:48,136 [INFO] Load Balancer
2026-03-30 16:15:48,137 [INFO]   ema_crossover             score=0.050 ##
2026-03-30 16:15:48,139 [INFO]   rsi_mean_reversion        score=0.050 ##
2026-03-30 16:15:48,140 [INFO]   bollinger_breakout        score=0.050 ##
2026-03-30 16:15:48,141 [INFO]   vwap_momentum             score=0.050 ##
2026-03-30 16:15:48,142 [INFO]   macd_scalp                score=0.050 ##
2026-03-30 16:15:48,143 [INFO]   heiken_ashi               score=0.050 ##
2026-03-30 16:15:48,144 [INFO]   Fallback (donnees insuffisantes) : ema_crossover
2026-03-30 16:15:48,146 [INFO] Strategie : ema_crossover  |  Signal : HOLD  |  Prix : $2650.00
2026-03-30 16:15:48,147 [INFO] En attente d'un signal...
2026-03-30 16:15:48,148 [INFO] Marge dispo : $1000000.00  |  Trades aujourd'hui : 0/20 | P&L total : $+0.00 | Cooldown : False
2026-03-30 16:16:23,188 [ERROR] IBKR Error 2108: La connexion de donnйes de marchй est inactive mais disponible sur demande.eufarm
2026-03-30 16:16:23,190 [ERROR] IBKR Error 2108: La connexion de donnйes de marchй est inactive mais disponible sur demande.eufarm
2026-03-30 16:16:34,441 [INFO] Arret du bot (Ctrl+C)
2026-03-30 16:16:34,617 [INFO] Arret du bot (Ctrl+C)
2026-03-30 16:16:48,194 [INFO] =======================================================
2026-03-30 16:16:48,195 [INFO]   GOLD SCALPER BOT - INTERACTIVE BROKERS (IBKR)
2026-03-30 16:16:48,195 [INFO]   Symbole  : XAU/USD
2026-03-30 16:16:48,196 [INFO]   Capital  : $10000
2026-03-30 16:16:48,197 [INFO]   Risque   : 2% / trade
2026-03-30 16:16:48,197 [INFO] =======================================================
2026-03-30 16:16:48,213 [INFO] Connection acknowledged
2026-03-30 16:16:48,221 [INFO] Next valid order ID: 1
2026-03-30 16:16:48,222 [ERROR] IBKR Error 2104: La connexion de donnйes de marchй est OK:usfarm
2026-03-30 16:16:48,224 [ERROR] IBKR Error 2107: La connexion de donnйes HMDS est inactive mais disponible sur demande.ushmds
2026-03-30 16:16:48,226 [ERROR] IBKR Error 2158: La connexion de la batterie de serveurs Sec-def est OK:secdefnj
2026-03-30 16:16:48,715 [INFO]  Connectй а IBKR via IBAPI
2026-03-30 16:16:48,717 [INFO] OrderExecutor initialise
2026-03-30 16:16:48,718 [INFO] OrderExecutor initialise avec succes
2026-03-30 16:16:48,721 [INFO] 
-- Cycle #1  14:16:48 UTC --
2026-03-30 16:16:48,722 [INFO] Sessions actives : London, New York
2026-03-30 16:16:49,159 [ERROR] IBKR Error 2119: Connexion aux donnйes de marchй:eufarm
2026-03-30 16:16:49,976 [ERROR] IBKR Error 2104: La connexion de donnйes de marchй est OK:eufarm
2026-03-30 16:16:50,226 [ERROR] IBKR Error 354: Requested market data is not subscribed.Des donnйes de marchй en diffйrй sont disponibles.XAUUSD CFD (XAUUSD)/TOP/ALL
2026-03-30 16:16:53,780 [INFO] Load Balancer
2026-03-30 16:16:53,781 [INFO]   ema_crossover             score=0.050 ##
2026-03-30 16:16:53,782 [INFO]   rsi_mean_reversion        score=0.050 ##
2026-03-30 16:16:53,782 [INFO]   bollinger_breakout        score=0.050 ##
2026-03-30 16:16:53,783 [INFO]   vwap_momentum             score=0.050 ##
2026-03-30 16:16:53,784 [INFO]   macd_scalp                score=0.050 ##
2026-03-30 16:16:53,785 [INFO]   heiken_ashi               score=0.050 ##
2026-03-30 16:16:53,786 [INFO]   Fallback (donnees insuffisantes) : ema_crossover
2026-03-30 16:16:53,789 [INFO] Strategie : ema_crossover  |  Signal : HOLD  |  Prix : $2650.00
2026-03-30 16:16:53,791 [INFO] En attente d'un signal...
2026-03-30 16:16:53,792 [INFO] Marge dispo : $1000000.00  |  Trades aujourd'hui : 0/20 | P&L total : $+0.00 | Cooldown : False
2026-03-30 16:17:53,794 [INFO] 
-- Cycle #2  14:17:53 UTC --
2026-03-30 16:17:53,795 [INFO] Sessions actives : London, New York
2026-03-30 16:17:58,848 [INFO] Load Balancer
2026-03-30 16:17:58,849 [INFO]   ema_crossover             score=0.050 ##
2026-03-30 16:17:58,851 [INFO]   rsi_mean_reversion        score=0.050 ##
2026-03-30 16:17:58,851 [INFO]   bollinger_breakout        score=0.050 ##
2026-03-30 16:17:58,852 [INFO]   vwap_momentum             score=0.050 ##
2026-03-30 16:17:58,853 [INFO]   macd_scalp                score=0.050 ##
2026-03-30 16:17:58,854 [INFO]   heiken_ashi               score=0.050 ##
2026-03-30 16:17:58,855 [INFO]   Fallback (donnees insuffisantes) : ema_crossover
2026-03-30 16:17:58,859 [INFO] Strategie : ema_crossover  |  Signal : HOLD  |  Prix : $2650.00
2026-03-30 16:17:58,860 [INFO] En attente d'un signal...
2026-03-30 16:17:58,861 [INFO] Marge dispo : $1000000.00  |  Trades aujourd'hui : 0/20 | P&L total : $+0.00 | Cooldown : False
2026-03-30 16:18:58,864 [INFO] 
-- Cycle #3  14:18:58 UTC --
2026-03-30 16:18:58,865 [INFO] Sessions actives : London, New York
2026-03-30 16:19:03,933 [INFO] Load Balancer
2026-03-30 16:19:03,934 [INFO]   ema_crossover             score=0.050 ##
2026-03-30 16:19:03,935 [INFO]   rsi_mean_reversion        score=0.050 ##
2026-03-30 16:19:03,936 [INFO]   bollinger_breakout        score=0.050 ##
2026-03-30 16:19:03,937 [INFO]   vwap_momentum             score=0.050 ##
2026-03-30 16:19:03,938 [INFO]   macd_scalp                score=0.050 ##
2026-03-30 16:19:03,939 [INFO]   heiken_ashi               score=0.050 ##
2026-03-30 16:19:03,940 [INFO]   Fallback (donnees insuffisantes) : ema_crossover
2026-03-30 16:19:03,943 [INFO] Strategie : ema_crossover  |  Signal : HOLD  |  Prix : $2650.00
2026-03-30 16:19:03,945 [INFO] En attente d'un signal...
2026-03-30 16:19:03,948 [INFO] Marge dispo : $1000000.00  |  Trades aujourd'hui : 0/20 | P&L total : $+0.00 | Cooldown : False
2026-03-30 16:20:03,950 [INFO] 
-- Cycle #4  14:20:03 UTC --
2026-03-30 16:20:03,951 [INFO] Sessions actives : London, New York
2026-03-30 16:20:09,003 [INFO] Load Balancer
2026-03-30 16:20:09,004 [INFO]   ema_crossover             score=0.050 ##
2026-03-30 16:20:09,005 [INFO]   rsi_mean_reversion        score=0.050 ##
2026-03-30 16:20:09,006 [INFO]   bollinger_breakout        score=0.050 ##
2026-03-30 16:20:09,007 [INFO]   vwap_momentum             score=0.050 ##
2026-03-30 16:20:09,008 [INFO]   macd_scalp                score=0.050 ##
2026-03-30 16:20:09,008 [INFO]   heiken_ashi               score=0.050 ##
2026-03-30 16:20:09,009 [INFO]   Fallback (donnees insuffisantes) : ema_crossover
2026-03-30 16:20:09,012 [INFO] Strategie : ema_crossover  |  Signal : HOLD  |  Prix : $2650.00
2026-03-30 16:20:09,013 [INFO] En attente d'un signal...
2026-03-30 16:20:09,015 [INFO] Marge dispo : $1000000.00  |  Trades aujourd'hui : 0/20 | P&L total : $+0.00 | Cooldown : False
2026-03-30 16:20:23,195 [ERROR] IBKR Error 2108: La connexion de donnйes de marchй est inactive mais disponible sur demande.eufarm
2026-03-30 16:20:23,197 [ERROR] IBKR Error 2108: La connexion de donnйes de marchй est inactive mais disponible sur demande.eufarm
2026-03-30 16:21:09,017 [INFO] 
-- Cycle #5  14:21:09 UTC --
2026-03-30 16:21:09,018 [INFO] Sessions actives : London, New York
2026-03-30 16:21:14,061 [INFO] Load Balancer
2026-03-30 16:21:14,062 [INFO]   ema_crossover             score=0.050 ##
2026-03-30 16:21:14,063 [INFO]   rsi_mean_reversion        score=0.050 ##
2026-03-30 16:21:14,064 [INFO]   bollinger_breakout        score=0.050 ##
2026-03-30 16:21:14,065 [INFO]   vwap_momentum             score=0.050 ##
2026-03-30 16:21:14,066 [INFO]   macd_scalp                score=0.050 ##
2026-03-30 16:21:14,067 [INFO]   heiken_ashi               score=0.050 ##
2026-03-30 16:21:14,068 [INFO]   Fallback (donnees insuffisantes) : ema_crossover
2026-03-30 16:21:14,072 [INFO] Strategie : ema_crossover  |  Signal : HOLD  |  Prix : $2650.00
2026-03-30 16:21:14,073 [INFO] En attente d'un signal...
2026-03-30 16:21:14,075 [INFO] Marge dispo : $1000000.00  |  Trades aujourd'hui : 0/20 | P&L total : $+0.00 | Cooldown : False
2026-03-30 16:22:14,077 [INFO] 
-- Cycle #6  14:22:14 UTC --
2026-03-30 16:22:14,079 [INFO] Sessions actives : London, New York
2026-03-30 16:22:19,124 [INFO] Load Balancer
2026-03-30 16:22:19,125 [INFO]   ema_crossover             score=0.050 ##
2026-03-30 16:22:19,126 [INFO]   rsi_mean_reversion        score=0.050 ##
2026-03-30 16:22:19,127 [INFO]   bollinger_breakout        score=0.050 ##
2026-03-30 16:22:19,128 [INFO]   vwap_momentum             score=0.050 ##
2026-03-30 16:22:19,129 [INFO]   macd_scalp                score=0.050 ##
2026-03-30 16:22:19,130 [INFO]   heiken_ashi               score=0.050 ##
2026-03-30 16:22:19,131 [INFO]   Fallback (donnees insuffisantes) : ema_crossover
2026-03-30 16:22:19,135 [INFO] Strategie : ema_crossover  |  Signal : HOLD  |  Prix : $2650.00
2026-03-30 16:22:19,137 [INFO] En attente d'un signal...
2026-03-30 16:22:19,139 [INFO] Marge dispo : $1000000.00  |  Trades aujourd'hui : 0/20 | P&L total : $+0.00 | Cooldown : False
2026-03-30 16:23:19,142 [INFO] 
-- Cycle #7  14:23:19 UTC --
2026-03-30 16:23:19,143 [INFO] Sessions actives : London, New York
2026-03-30 16:23:24,187 [INFO] Load Balancer
2026-03-30 16:23:24,188 [INFO]   ema_crossover             score=0.050 ##
2026-03-30 16:23:24,189 [INFO]   rsi_mean_reversion        score=0.050 ##
2026-03-30 16:23:24,190 [INFO]   bollinger_breakout        score=0.050 ##
2026-03-30 16:23:24,191 [INFO]   vwap_momentum             score=0.050 ##
2026-03-30 16:23:24,191 [INFO]   macd_scalp                score=0.050 ##
2026-03-30 16:23:24,192 [INFO]   heiken_ashi               score=0.050 ##
2026-03-30 16:23:24,193 [INFO]   Fallback (donnees insuffisantes) : ema_crossover
2026-03-30 16:23:24,197 [INFO] Strategie : ema_crossover  |  Signal : HOLD  |  Prix : $2650.00
2026-03-30 16:23:24,198 [INFO] En attente d'un signal...
2026-03-30 16:23:24,200 [INFO] Marge dispo : $1000000.00  |  Trades aujourd'hui : 0/20 | P&L total : $+0.00 | Cooldown : False
2026-03-30 16:24:24,201 [INFO] 
-- Cycle #8  14:24:24 UTC --
2026-03-30 16:24:24,203 [INFO] Sessions actives : London, New York
2026-03-30 16:24:29,245 [INFO] Load Balancer
2026-03-30 16:24:29,246 [INFO]   ema_crossover             score=0.050 ##
2026-03-30 16:24:29,247 [INFO]   rsi_mean_reversion        score=0.050 ##
2026-03-30 16:24:29,248 [INFO]   bollinger_breakout        score=0.050 ##
2026-03-30 16:24:29,249 [INFO]   vwap_momentum             score=0.050 ##
2026-03-30 16:24:29,250 [INFO]   macd_scalp                score=0.050 ##
2026-03-30 16:24:29,251 [INFO]   heiken_ashi               score=0.050 ##
2026-03-30 16:24:29,252 [INFO]   Fallback (donnees insuffisantes) : ema_crossover
2026-03-30 16:24:29,255 [INFO] Strategie : ema_crossover  |  Signal : HOLD  |  Prix : $2650.00
2026-03-30 16:24:29,256 [INFO] En attente d'un signal...
2026-03-30 16:24:29,258 [INFO] Marge dispo : $1000000.00  |  Trades aujourd'hui : 0/20 | P&L total : $+0.00 | Cooldown : False
2026-03-30 16:25:29,260 [INFO] 
-- Cycle #9  14:25:29 UTC --
2026-03-30 16:25:29,261 [INFO] Sessions actives : London, New York
2026-03-30 16:25:34,308 [INFO] Load Balancer
2026-03-30 16:25:34,309 [INFO]   ema_crossover             score=0.050 ##
2026-03-30 16:25:34,310 [INFO]   rsi_mean_reversion        score=0.050 ##
2026-03-30 16:25:34,311 [INFO]   bollinger_breakout        score=0.050 ##
2026-03-30 16:25:34,312 [INFO]   vwap_momentum             score=0.050 ##
2026-03-30 16:25:34,313 [INFO]   macd_scalp                score=0.050 ##
2026-03-30 16:25:34,314 [INFO]   heiken_ashi               score=0.050 ##
2026-03-30 16:25:34,315 [INFO]   Fallback (donnees insuffisantes) : ema_crossover
2026-03-30 16:25:34,319 [INFO] Strategie : ema_crossover  |  Signal : HOLD  |  Prix : $2650.00
2026-03-30 16:25:34,320 [INFO] En attente d'un signal...
2026-03-30 16:25:34,322 [INFO] Marge dispo : $1000000.00  |  Trades aujourd'hui : 0/20 | P&L total : $+0.00 | Cooldown : False
2026-03-30 16:26:34,325 [INFO] 
-- Cycle #10  14:26:34 UTC --
2026-03-30 16:26:34,326 [INFO] Sessions actives : London, New York
2026-03-30 16:26:39,374 [INFO] Load Balancer
2026-03-30 16:26:39,375 [INFO]   ema_crossover             score=0.050 ##
2026-03-30 16:26:39,376 [INFO]   rsi_mean_reversion        score=0.050 ##
2026-03-30 16:26:39,377 [INFO]   bollinger_breakout        score=0.050 ##
2026-03-30 16:26:39,378 [INFO]   vwap_momentum             score=0.050 ##
2026-03-30 16:26:39,379 [INFO]   macd_scalp                score=0.050 ##
2026-03-30 16:26:39,380 [INFO]   heiken_ashi               score=0.050 ##
2026-03-30 16:26:39,381 [INFO]   Fallback (donnees insuffisantes) : ema_crossover
2026-03-30 16:26:39,383 [INFO] Strategie : ema_crossover  |  Signal : HOLD  |  Prix : $2650.00
2026-03-30 16:26:39,385 [INFO] En attente d'un signal...
2026-03-30 16:26:39,386 [INFO] Marge dispo : $1000000.00  |  Trades aujourd'hui : 0/20 | P&L total : $+0.00 | Cooldown : False
2026-03-30 16:27:39,388 [INFO] 
-- Cycle #11  14:27:39 UTC --
2026-03-30 16:27:39,389 [INFO] Sessions actives : London, New York
2026-03-30 16:27:44,451 [INFO] Load Balancer
2026-03-30 16:27:44,452 [INFO]   ema_crossover             score=0.050 ##
2026-03-30 16:27:44,453 [INFO]   rsi_mean_reversion        score=0.050 ##
2026-03-30 16:27:44,454 [INFO]   bollinger_breakout        score=0.050 ##
2026-03-30 16:27:44,455 [INFO]   vwap_momentum             score=0.050 ##
2026-03-30 16:27:44,456 [INFO]   macd_scalp                score=0.050 ##
2026-03-30 16:27:44,457 [INFO]   heiken_ashi               score=0.050 ##
2026-03-30 16:27:44,457 [INFO]   Fallback (donnees insuffisantes) : ema_crossover
2026-03-30 16:27:44,460 [INFO] Strategie : ema_crossover  |  Signal : HOLD  |  Prix : $2650.00
2026-03-30 16:27:44,462 [INFO] En attente d'un signal...
2026-03-30 16:27:44,463 [INFO] Marge dispo : $1000000.00  |  Trades aujourd'hui : 0/20 | P&L total : $+0.00 | Cooldown : False
2026-03-30 16:28:44,466 [INFO] 
-- Cycle #12  14:28:44 UTC --
2026-03-30 16:28:44,467 [INFO] Sessions actives : London, New York
2026-03-30 16:28:49,514 [INFO] Load Balancer
2026-03-30 16:28:49,515 [INFO]   ema_crossover             score=0.050 ##
2026-03-30 16:28:49,516 [INFO]   rsi_mean_reversion        score=0.050 ##
2026-03-30 16:28:49,517 [INFO]   bollinger_breakout        score=0.050 ##
2026-03-30 16:28:49,518 [INFO]   vwap_momentum             score=0.050 ##
2026-03-30 16:28:49,519 [INFO]   macd_scalp                score=0.050 ##
2026-03-30 16:28:49,520 [INFO]   heiken_ashi               score=0.050 ##
2026-03-30 16:28:49,521 [INFO]   Fallback (donnees insuffisantes) : ema_crossover
2026-03-30 16:28:49,524 [INFO] Strategie : ema_crossover  |  Signal : HOLD  |  Prix : $2650.00
2026-03-30 16:28:49,525 [INFO] En attente d'un signal...
2026-03-30 16:28:49,526 [INFO] Marge dispo : $1000000.00  |  Trades aujourd'hui : 0/20 | P&L total : $+0.00 | Cooldown : False
2026-03-30 16:29:49,528 [INFO] 
-- Cycle #13  14:29:49 UTC --
2026-03-30 16:29:49,529 [INFO] Sessions actives : London, New York
2026-03-30 16:29:54,567 [INFO] Load Balancer
2026-03-30 16:29:54,568 [INFO]   ema_crossover             score=0.050 ##
2026-03-30 16:29:54,569 [INFO]   rsi_mean_reversion        score=0.050 ##
2026-03-30 16:29:54,570 [INFO]   bollinger_breakout        score=0.050 ##
2026-03-30 16:29:54,571 [INFO]   vwap_momentum             score=0.050 ##
2026-03-30 16:29:54,572 [INFO]   macd_scalp                score=0.050 ##
2026-03-30 16:29:54,573 [INFO]   heiken_ashi               score=0.050 ##
2026-03-30 16:29:54,574 [INFO]   Fallback (donnees insuffisantes) : ema_crossover
2026-03-30 16:29:54,577 [INFO] Strategie : ema_crossover  |  Signal : HOLD  |  Prix : $2650.00
2026-03-30 16:29:54,578 [INFO] En attente d'un signal...
2026-03-30 16:29:54,580 [INFO] Marge dispo : $1000000.00  |  Trades aujourd'hui : 0/20 | P&L total : $+0.00 | Cooldown : False
2026-03-30 16:30:54,583 [INFO] 
-- Cycle #14  14:30:54 UTC --
2026-03-30 16:30:54,584 [INFO] Sessions actives : London, New York
2026-03-30 16:30:59,625 [INFO] Load Balancer
2026-03-30 16:30:59,627 [INFO]   ema_crossover             score=0.050 ##
2026-03-30 16:30:59,628 [INFO]   rsi_mean_reversion        score=0.050 ##
2026-03-30 16:30:59,629 [INFO]   bollinger_breakout        score=0.050 ##
2026-03-30 16:30:59,630 [INFO]   vwap_momentum             score=0.050 ##
2026-03-30 16:30:59,631 [INFO]   macd_scalp                score=0.050 ##
2026-03-30 16:30:59,632 [INFO]   heiken_ashi               score=0.050 ##
2026-03-30 16:30:59,633 [INFO]   Fallback (donnees insuffisantes) : ema_crossover
2026-03-30 16:30:59,637 [INFO] Strategie : ema_crossover  |  Signal : HOLD  |  Prix : $2650.00
2026-03-30 16:30:59,638 [INFO] En attente d'un signal...
2026-03-30 16:30:59,639 [INFO] Marge dispo : $1000000.00  |  Trades aujourd'hui : 0/20 | P&L total : $+0.00 | Cooldown : False
2026-03-30 16:31:59,641 [INFO] 
-- Cycle #15  14:31:59 UTC --
2026-03-30 16:31:59,642 [INFO] Sessions actives : London, New York
2026-03-30 16:32:04,685 [INFO] Load Balancer
2026-03-30 16:32:04,686 [INFO]   ema_crossover             score=0.050 ##
2026-03-30 16:32:04,687 [INFO]   rsi_mean_reversion        score=0.050 ##
2026-03-30 16:32:04,688 [INFO]   bollinger_breakout        score=0.050 ##
2026-03-30 16:32:04,688 [INFO]   vwap_momentum             score=0.050 ##
2026-03-30 16:32:04,689 [INFO]   macd_scalp                score=0.050 ##
2026-03-30 16:32:04,690 [INFO]   heiken_ashi               score=0.050 ##
2026-03-30 16:32:04,691 [INFO]   Fallback (donnees insuffisantes) : ema_crossover
2026-03-30 16:32:04,694 [INFO] Strategie : ema_crossover  |  Signal : HOLD  |  Prix : $2650.00
2026-03-30 16:32:04,696 [INFO] En attente d'un signal...
2026-03-30 16:32:04,697 [INFO] Marge dispo : $1000000.00  |  Trades aujourd'hui : 0/20 | P&L total : $+0.00 | Cooldown : False
2026-03-30 16:33:04,699 [INFO] 
-- Cycle #16  14:33:04 UTC --
2026-03-30 16:33:04,700 [INFO] Sessions actives : London, New York
2026-03-30 16:33:09,740 [INFO] Load Balancer
2026-03-30 16:33:09,741 [INFO]   ema_crossover             score=0.050 ##
2026-03-30 16:33:09,742 [INFO]   rsi_mean_reversion        score=0.050 ##
2026-03-30 16:33:09,743 [INFO]   bollinger_breakout        score=0.050 ##
2026-03-30 16:33:09,744 [INFO]   vwap_momentum             score=0.050 ##
2026-03-30 16:33:09,745 [INFO]   macd_scalp                score=0.050 ##
2026-03-30 16:33:09,746 [INFO]   heiken_ashi               score=0.050 ##
2026-03-30 16:33:09,747 [INFO]   Fallback (donnees insuffisantes) : ema_crossover
2026-03-30 16:33:09,752 [INFO] Strategie : ema_crossover  |  Signal : HOLD  |  Prix : $2650.00
2026-03-30 16:33:09,753 [INFO] En attente d'un signal...
2026-03-30 16:33:09,754 [INFO] Marge dispo : $1000000.00  |  Trades aujourd'hui : 0/20 | P&L total : $+0.00 | Cooldown : False
2026-03-30 16:34:09,757 [INFO] 
-- Cycle #17  14:34:09 UTC --
2026-03-30 16:34:09,758 [INFO] Sessions actives : London, New York
2026-03-30 16:34:14,803 [INFO] Load Balancer
2026-03-30 16:34:14,804 [INFO]   ema_crossover             score=0.050 ##
2026-03-30 16:34:14,805 [INFO]   rsi_mean_reversion        score=0.050 ##
2026-03-30 16:34:14,806 [INFO]   bollinger_breakout        score=0.050 ##
2026-03-30 16:34:14,807 [INFO]   vwap_momentum             score=0.050 ##
2026-03-30 16:34:14,807 [INFO]   macd_scalp                score=0.050 ##
2026-03-30 16:34:14,808 [INFO]   heiken_ashi               score=0.050 ##
2026-03-30 16:34:14,809 [INFO]   Fallback (donnees insuffisantes) : ema_crossover
2026-03-30 16:34:14,813 [INFO] Strategie : ema_crossover  |  Signal : HOLD  |  Prix : $2650.00
2026-03-30 16:34:14,815 [INFO] En attente d'un signal...
2026-03-30 16:34:14,816 [INFO] Marge dispo : $1000000.00  |  Trades aujourd'hui : 0/20 | P&L total : $+0.00 | Cooldown : False
2026-03-30 16:35:14,818 [INFO] 
-- Cycle #18  14:35:14 UTC --
2026-03-30 16:35:14,820 [INFO] Sessions actives : London, New York
2026-03-30 16:35:19,868 [INFO] Load Balancer
2026-03-30 16:35:19,869 [INFO]   ema_crossover             score=0.050 ##
2026-03-30 16:35:19,870 [INFO]   rsi_mean_reversion        score=0.050 ##
2026-03-30 16:35:19,871 [INFO]   bollinger_breakout        score=0.050 ##
2026-03-30 16:35:19,872 [INFO]   vwap_momentum             score=0.050 ##
2026-03-30 16:35:19,873 [INFO]   macd_scalp                score=0.050 ##
2026-03-30 16:35:19,874 [INFO]   heiken_ashi               score=0.050 ##
2026-03-30 16:35:19,875 [INFO]   Fallback (donnees insuffisantes) : ema_crossover
2026-03-30 16:35:19,879 [INFO] Strategie : ema_crossover  |  Signal : HOLD  |  Prix : $2650.00
2026-03-30 16:35:19,880 [INFO] En attente d'un signal...
2026-03-30 16:35:19,882 [INFO] Marge dispo : $1000000.00  |  Trades aujourd'hui : 0/20 | P&L total : $+0.00 | Cooldown : False
2026-03-30 16:36:19,885 [INFO] 
-- Cycle #19  14:36:19 UTC --
2026-03-30 16:36:19,886 [INFO] Sessions actives : London, New York
2026-03-30 16:36:24,928 [INFO] Load Balancer
2026-03-30 16:36:24,929 [INFO]   ema_crossover             score=0.050 ##
2026-03-30 16:36:24,929 [INFO]   rsi_mean_reversion        score=0.050 ##
2026-03-30 16:36:24,930 [INFO]   bollinger_breakout        score=0.050 ##
2026-03-30 16:36:24,931 [INFO]   vwap_momentum             score=0.050 ##
2026-03-30 16:36:24,932 [INFO]   macd_scalp                score=0.050 ##
2026-03-30 16:36:24,933 [INFO]   heiken_ashi               score=0.050 ##
2026-03-30 16:36:24,934 [INFO]   Fallback (donnees insuffisantes) : ema_crossover
2026-03-30 16:36:24,937 [INFO] Strategie : ema_crossover  |  Signal : HOLD  |  Prix : $2650.00
2026-03-30 16:36:24,938 [INFO] En attente d'un signal...
2026-03-30 16:36:24,940 [INFO] Marge dispo : $1000000.00  |  Trades aujourd'hui : 0/20 | P&L total : $+0.00 | Cooldown : False
2026-03-30 16:37:24,942 [INFO] 
-- Cycle #20  14:37:24 UTC --
2026-03-30 16:37:24,943 [INFO] Sessions actives : London, New York
2026-03-30 16:37:29,986 [INFO] Load Balancer
2026-03-30 16:37:29,987 [INFO]   ema_crossover             score=0.050 ##
2026-03-30 16:37:29,988 [INFO]   rsi_mean_reversion        score=0.050 ##
2026-03-30 16:37:29,989 [INFO]   bollinger_breakout        score=0.050 ##
2026-03-30 16:37:29,990 [INFO]   vwap_momentum             score=0.050 ##
2026-03-30 16:37:29,991 [INFO]   macd_scalp                score=0.050 ##
2026-03-30 16:37:29,992 [INFO]   heiken_ashi               score=0.050 ##
2026-03-30 16:37:29,993 [INFO]   Fallback (donnees insuffisantes) : ema_crossover
2026-03-30 16:37:29,997 [INFO] Strategie : ema_crossover  |  Signal : HOLD  |  Prix : $2650.00
2026-03-30 16:37:29,998 [INFO] En attente d'un signal...
2026-03-30 16:37:29,999 [INFO] Marge dispo : $1000000.00  |  Trades aujourd'hui : 0/20 | P&L total : $+0.00 | Cooldown : False
2026-03-30 16:38:30,001 [INFO] 
-- Cycle #21  14:38:30 UTC --
2026-03-30 16:38:30,002 [INFO] Sessions actives : London, New York
2026-03-30 16:38:35,041 [INFO] Load Balancer
2026-03-30 16:38:35,042 [INFO]   ema_crossover             score=0.050 ##
2026-03-30 16:38:35,043 [INFO]   rsi_mean_reversion        score=0.050 ##
2026-03-30 16:38:35,044 [INFO]   bollinger_breakout        score=0.050 ##
2026-03-30 16:38:35,045 [INFO]   vwap_momentum             score=0.050 ##
2026-03-30 16:38:35,046 [INFO]   macd_scalp                score=0.050 ##
2026-03-30 16:38:35,047 [INFO]   heiken_ashi               score=0.050 ##
2026-03-30 16:38:35,048 [INFO]   Fallback (donnees insuffisantes) : ema_crossover
2026-03-30 16:38:35,051 [INFO] Strategie : ema_crossover  |  Signal : HOLD  |  Prix : $2650.00
2026-03-30 16:38:35,052 [INFO] En attente d'un signal...
2026-03-30 16:38:35,053 [INFO] Marge dispo : $1000000.00  |  Trades aujourd'hui : 0/20 | P&L total : $+0.00 | Cooldown : False
2026-03-30 16:39:35,056 [INFO] 
-- Cycle #22  14:39:35 UTC --
2026-03-30 16:39:35,057 [INFO] Sessions actives : London, New York
2026-03-30 16:39:40,112 [INFO] Load Balancer
2026-03-30 16:39:40,113 [INFO]   ema_crossover             score=0.050 ##
2026-03-30 16:39:40,114 [INFO]   rsi_mean_reversion        score=0.050 ##
2026-03-30 16:39:40,116 [INFO]   bollinger_breakout        score=0.050 ##
2026-03-30 16:39:40,117 [INFO]   vwap_momentum             score=0.050 ##
2026-03-30 16:39:40,118 [INFO]   macd_scalp                score=0.050 ##
2026-03-30 16:39:40,120 [INFO]   heiken_ashi               score=0.050 ##
2026-03-30 16:39:40,122 [INFO]   Fallback (donnees insuffisantes) : ema_crossover
2026-03-30 16:39:40,131 [INFO] Strategie : ema_crossover  |  Signal : HOLD  |  Prix : $2650.00
2026-03-30 16:39:40,134 [INFO] En attente d'un signal...
2026-03-30 16:39:40,137 [INFO] Marge dispo : $1000000.00  |  Trades aujourd'hui : 0/20 | P&L total : $+0.00 | Cooldown : False
2026-03-30 16:40:40,144 [INFO] 
-- Cycle #23  14:40:40 UTC --
2026-03-30 16:40:40,145 [INFO] Sessions actives : London, New York
2026-03-30 16:40:45,189 [INFO] Load Balancer
2026-03-30 16:40:45,190 [INFO]   ema_crossover             score=0.050 ##
2026-03-30 16:40:45,192 [INFO]   rsi_mean_reversion        score=0.050 ##
2026-03-30 16:40:45,192 [INFO]   bollinger_breakout        score=0.050 ##
2026-03-30 16:40:45,193 [INFO]   vwap_momentum             score=0.050 ##
2026-03-30 16:40:45,194 [INFO]   macd_scalp                score=0.050 ##
2026-03-30 16:40:45,195 [INFO]   heiken_ashi               score=0.050 ##
2026-03-30 16:40:45,196 [INFO]   Fallback (donnees insuffisantes) : ema_crossover
2026-03-30 16:40:45,199 [INFO] Strategie : ema_crossover  |  Signal : HOLD  |  Prix : $2650.00
2026-03-30 16:40:45,200 [INFO] En attente d'un signal...
2026-03-30 16:40:45,201 [INFO] Marge dispo : $1000000.00  |  Trades aujourd'hui : 0/20 | P&L total : $+0.00 | Cooldown : False
2026-03-30 16:41:45,204 [INFO] 
-- Cycle #24  14:41:45 UTC --
2026-03-30 16:41:45,205 [INFO] Sessions actives : London, New York
2026-03-30 16:41:50,244 [INFO] Load Balancer
2026-03-30 16:41:50,245 [INFO]   ema_crossover             score=0.050 ##
2026-03-30 16:41:50,246 [INFO]   rsi_mean_reversion        score=0.050 ##
2026-03-30 16:41:50,247 [INFO]   bollinger_breakout        score=0.050 ##
2026-03-30 16:41:50,247 [INFO]   vwap_momentum             score=0.050 ##
2026-03-30 16:41:50,248 [INFO]   macd_scalp                score=0.050 ##
2026-03-30 16:41:50,249 [INFO]   heiken_ashi               score=0.050 ##
2026-03-30 16:41:50,250 [INFO]   Fallback (donnees insuffisantes) : ema_crossover
2026-03-30 16:41:50,254 [INFO] Strategie : ema_crossover  |  Signal : HOLD  |  Prix : $2650.00
2026-03-30 16:41:50,255 [INFO] En attente d'un signal...
2026-03-30 16:41:50,256 [INFO] Marge dispo : $1000000.00  |  Trades aujourd'hui : 0/20 | P&L total : $+0.00 | Cooldown : False
2026-03-30 16:42:50,258 [INFO] 
-- Cycle #25  14:42:50 UTC --
2026-03-30 16:42:50,259 [INFO] Sessions actives : London, New York
2026-03-30 16:42:55,313 [INFO] Load Balancer
2026-03-30 16:42:55,314 [INFO]   ema_crossover             score=0.050 ##
2026-03-30 16:42:55,315 [INFO]   rsi_mean_reversion        score=0.050 ##
2026-03-30 16:42:55,317 [INFO]   bollinger_breakout        score=0.050 ##
2026-03-30 16:42:55,317 [INFO]   vwap_momentum             score=0.050 ##
2026-03-30 16:42:55,318 [INFO]   macd_scalp                score=0.050 ##
2026-03-30 16:42:55,319 [INFO]   heiken_ashi               score=0.050 ##
2026-03-30 16:42:55,320 [INFO]   Fallback (donnees insuffisantes) : ema_crossover
2026-03-30 16:42:55,325 [INFO] Strategie : ema_crossover  |  Signal : HOLD  |  Prix : $2650.00
2026-03-30 16:42:55,326 [INFO] En attente d'un signal...
2026-03-30 16:42:55,329 [INFO] Marge dispo : $1000000.00  |  Trades aujourd'hui : 0/20 | P&L total : $+0.00 | Cooldown : False
2026-03-30 16:43:55,331 [INFO] 
-- Cycle #26  14:43:55 UTC --
2026-03-30 16:43:55,332 [INFO] Sessions actives : London, New York
2026-03-30 16:44:00,375 [INFO] Load Balancer
2026-03-30 16:44:00,376 [INFO]   ema_crossover             score=0.050 ##
2026-03-30 16:44:00,377 [INFO]   rsi_mean_reversion        score=0.050 ##
2026-03-30 16:44:00,377 [INFO]   bollinger_breakout        score=0.050 ##
2026-03-30 16:44:00,378 [INFO]   vwap_momentum             score=0.050 ##
2026-03-30 16:44:00,379 [INFO]   macd_scalp                score=0.050 ##
2026-03-30 16:44:00,380 [INFO]   heiken_ashi               score=0.050 ##
2026-03-30 16:44:00,381 [INFO]   Fallback (donnees insuffisantes) : ema_crossover
2026-03-30 16:44:00,384 [INFO] Strategie : ema_crossover  |  Signal : HOLD  |  Prix : $2650.00
2026-03-30 16:44:00,385 [INFO] En attente d'un signal...
2026-03-30 16:44:00,386 [INFO] Marge dispo : $1000000.00  |  Trades aujourd'hui : 0/20 | P&L total : $+0.00 | Cooldown : False
2026-03-30 16:45:00,389 [INFO] 
-- Cycle #27  14:45:00 UTC --
2026-03-30 16:45:00,390 [INFO] Sessions actives : London, New York
2026-03-30 16:45:05,442 [INFO] Load Balancer
2026-03-30 16:45:05,443 [INFO]   ema_crossover             score=0.050 ##
2026-03-30 16:45:05,444 [INFO]   rsi_mean_reversion        score=0.050 ##
2026-03-30 16:45:05,445 [INFO]   bollinger_breakout        score=0.050 ##
2026-03-30 16:45:05,446 [INFO]   vwap_momentum             score=0.050 ##
2026-03-30 16:45:05,447 [INFO]   macd_scalp                score=0.050 ##
2026-03-30 16:45:05,448 [INFO]   heiken_ashi               score=0.050 ##
2026-03-30 16:45:05,449 [INFO]   Fallback (donnees insuffisantes) : ema_crossover
2026-03-30 16:45:05,452 [INFO] Strategie : ema_crossover  |  Signal : HOLD  |  Prix : $2650.00
2026-03-30 16:45:05,453 [INFO] En attente d'un signal...
2026-03-30 16:45:05,454 [INFO] Marge dispo : $1000000.00  |  Trades aujourd'hui : 0/20 | P&L total : $+0.00 | Cooldown : False
2026-03-30 16:46:05,457 [INFO] 
-- Cycle #28  14:46:05 UTC --
2026-03-30 16:46:05,458 [INFO] Sessions actives : London, New York
2026-03-30 16:46:10,502 [INFO] Load Balancer
2026-03-30 16:46:10,503 [INFO]   ema_crossover             score=0.050 ##
2026-03-30 16:46:10,504 [INFO]   rsi_mean_reversion        score=0.050 ##
2026-03-30 16:46:10,504 [INFO]   bollinger_breakout        score=0.050 ##
2026-03-30 16:46:10,505 [INFO]   vwap_momentum             score=0.050 ##
2026-03-30 16:46:10,506 [INFO]   macd_scalp                score=0.050 ##
2026-03-30 16:46:10,507 [INFO]   heiken_ashi               score=0.050 ##
2026-03-30 16:46:10,508 [INFO]   Fallback (donnees insuffisantes) : ema_crossover
2026-03-30 16:46:10,511 [INFO] Strategie : ema_crossover  |  Signal : HOLD  |  Prix : $2650.00
2026-03-30 16:46:10,512 [INFO] En attente d'un signal...
2026-03-30 16:46:10,513 [INFO] Marge dispo : $1000000.00  |  Trades aujourd'hui : 0/20 | P&L total : $+0.00 | Cooldown : False
2026-03-30 16:47:10,516 [INFO] 
-- Cycle #29  14:47:10 UTC --
2026-03-30 16:47:10,517 [INFO] Sessions actives : London, New York
2026-03-30 16:47:15,595 [INFO] Load Balancer
2026-03-30 16:47:15,596 [INFO]   ema_crossover             score=0.050 ##
2026-03-30 16:47:15,597 [INFO]   rsi_mean_reversion        score=0.050 ##
2026-03-30 16:47:15,598 [INFO]   bollinger_breakout        score=0.050 ##
2026-03-30 16:47:15,599 [INFO]   vwap_momentum             score=0.050 ##
2026-03-30 16:47:15,600 [INFO]   macd_scalp                score=0.050 ##
2026-03-30 16:47:15,601 [INFO]   heiken_ashi               score=0.050 ##
2026-03-30 16:47:15,602 [INFO]   Fallback (donnees insuffisantes) : ema_crossover
2026-03-30 16:47:15,607 [INFO] Strategie : ema_crossover  |  Signal : HOLD  |  Prix : $2650.00
2026-03-30 16:47:15,608 [INFO] En attente d'un signal...
2026-03-30 16:47:15,609 [INFO] Marge dispo : $1000000.00  |  Trades aujourd'hui : 0/20 | P&L total : $+0.00 | Cooldown : False
2026-03-30 16:48:15,611 [INFO] 
-- Cycle #30  14:48:15 UTC --
2026-03-30 16:48:15,613 [INFO] Sessions actives : London, New York
2026-03-30 16:48:20,669 [INFO] Load Balancer
2026-03-30 16:48:20,670 [INFO]   ema_crossover             score=0.050 ##
2026-03-30 16:48:20,671 [INFO]   rsi_mean_reversion        score=0.050 ##
2026-03-30 16:48:20,672 [INFO]   bollinger_breakout        score=0.050 ##
2026-03-30 16:48:20,672 [INFO]   vwap_momentum             score=0.050 ##
2026-03-30 16:48:20,673 [INFO]   macd_scalp                score=0.050 ##
2026-03-30 16:48:20,674 [INFO]   heiken_ashi               score=0.050 ##
2026-03-30 16:48:20,675 [INFO]   Fallback (donnees insuffisantes) : ema_crossover
2026-03-30 16:48:20,679 [INFO] Strategie : ema_crossover  |  Signal : HOLD  |  Prix : $2650.00
2026-03-30 16:48:20,680 [INFO] En attente d'un signal...
2026-03-30 16:48:20,682 [INFO] Marge dispo : $1000000.00  |  Trades aujourd'hui : 0/20 | P&L total : $+0.00 | Cooldown : False
2026-03-30 16:49:20,684 [INFO] 
-- Cycle #31  14:49:20 UTC --
2026-03-30 16:49:20,685 [INFO] Sessions actives : London, New York
2026-03-30 16:49:25,735 [INFO] Load Balancer
2026-03-30 16:49:25,736 [INFO]   ema_crossover             score=0.050 ##
2026-03-30 16:49:25,737 [INFO]   rsi_mean_reversion        score=0.050 ##
2026-03-30 16:49:25,738 [INFO]   bollinger_breakout        score=0.050 ##
2026-03-30 16:49:25,739 [INFO]   vwap_momentum             score=0.050 ##
2026-03-30 16:49:25,740 [INFO]   macd_scalp                score=0.050 ##
2026-03-30 16:49:25,741 [INFO]   heiken_ashi               score=0.050 ##
2026-03-30 16:49:25,742 [INFO]   Fallback (donnees insuffisantes) : ema_crossover
2026-03-30 16:49:25,745 [INFO] Strategie : ema_crossover  |  Signal : HOLD  |  Prix : $2650.00
2026-03-30 16:49:25,747 [INFO] En attente d'un signal...
2026-03-30 16:49:25,748 [INFO] Marge dispo : $1000000.00  |  Trades aujourd'hui : 0/20 | P&L total : $+0.00 | Cooldown : False
2026-03-30 16:50:25,749 [INFO] 
-- Cycle #32  14:50:25 UTC --
2026-03-30 16:50:25,751 [INFO] Sessions actives : London, New York
2026-03-30 16:50:30,806 [INFO] Load Balancer
2026-03-30 16:50:30,807 [INFO]   ema_crossover             score=0.050 ##
2026-03-30 16:50:30,808 [INFO]   rsi_mean_reversion        score=0.050 ##
2026-03-30 16:50:30,809 [INFO]   bollinger_breakout        score=0.050 ##
2026-03-30 16:50:30,810 [INFO]   vwap_momentum             score=0.050 ##
2026-03-30 16:50:30,811 [INFO]   macd_scalp                score=0.050 ##
2026-03-30 16:50:30,812 [INFO]   heiken_ashi               score=0.050 ##
2026-03-30 16:50:30,813 [INFO]   Fallback (donnees insuffisantes) : ema_crossover
2026-03-30 16:50:30,817 [INFO] Strategie : ema_crossover  |  Signal : HOLD  |  Prix : $2650.00
2026-03-30 16:50:30,822 [INFO] En attente d'un signal...
2026-03-30 16:50:30,823 [INFO] Marge dispo : $1000000.00  |  Trades aujourd'hui : 0/20 | P&L total : $+0.00 | Cooldown : False
2026-03-30 16:51:30,825 [INFO] 
-- Cycle #33  14:51:30 UTC --
2026-03-30 16:51:30,826 [INFO] Sessions actives : London, New York
2026-03-30 16:51:35,868 [INFO] Load Balancer
2026-03-30 16:51:35,870 [INFO]   ema_crossover             score=0.050 ##
2026-03-30 16:51:35,871 [INFO]   rsi_mean_reversion        score=0.050 ##
2026-03-30 16:51:35,872 [INFO]   bollinger_breakout        score=0.050 ##
2026-03-30 16:51:35,873 [INFO]   vwap_momentum             score=0.050 ##
2026-03-30 16:51:35,874 [INFO]   macd_scalp                score=0.050 ##
2026-03-30 16:51:35,875 [INFO]   heiken_ashi               score=0.050 ##
2026-03-30 16:51:35,876 [INFO]   Fallback (donnees insuffisantes) : ema_crossover
2026-03-30 16:51:35,879 [INFO] Strategie : ema_crossover  |  Signal : HOLD  |  Prix : $2650.00
2026-03-30 16:51:35,880 [INFO] En attente d'un signal...
2026-03-30 16:51:35,881 [INFO] Marge dispo : $1000000.00  |  Trades aujourd'hui : 0/20 | P&L total : $+0.00 | Cooldown : False
2026-03-30 16:52:35,883 [INFO] 
-- Cycle #34  14:52:35 UTC --
2026-03-30 16:52:35,885 [INFO] Sessions actives : London, New York
2026-03-30 16:52:40,927 [INFO] Load Balancer
2026-03-30 16:52:40,928 [INFO]   ema_crossover             score=0.050 ##
2026-03-30 16:52:40,929 [INFO]   rsi_mean_reversion        score=0.050 ##
2026-03-30 16:52:40,929 [INFO]   bollinger_breakout        score=0.050 ##
2026-03-30 16:52:40,930 [INFO]   vwap_momentum             score=0.050 ##
2026-03-30 16:52:40,931 [INFO]   macd_scalp                score=0.050 ##
2026-03-30 16:52:40,932 [INFO]   heiken_ashi               score=0.050 ##
2026-03-30 16:52:40,932 [INFO]   Fallback (donnees insuffisantes) : ema_crossover
2026-03-30 16:52:40,935 [INFO] Strategie : ema_crossover  |  Signal : HOLD  |  Prix : $2650.00
2026-03-30 16:52:40,937 [INFO] En attente d'un signal...
2026-03-30 16:52:40,938 [INFO] Marge dispo : $1000000.00  |  Trades aujourd'hui : 0/20 | P&L total : $+0.00 | Cooldown : False
2026-03-30 16:53:40,940 [INFO] 
-- Cycle #35  14:53:40 UTC --
2026-03-30 16:53:40,941 [INFO] Sessions actives : London, New York
2026-03-30 16:53:45,983 [INFO] Load Balancer
2026-03-30 16:53:45,984 [INFO]   ema_crossover             score=0.050 ##
2026-03-30 16:53:45,985 [INFO]   rsi_mean_reversion        score=0.050 ##
2026-03-30 16:53:45,986 [INFO]   bollinger_breakout        score=0.050 ##
2026-03-30 16:53:45,986 [INFO]   vwap_momentum             score=0.050 ##
2026-03-30 16:53:45,987 [INFO]   macd_scalp                score=0.050 ##
2026-03-30 16:53:45,988 [INFO]   heiken_ashi               score=0.050 ##
2026-03-30 16:53:45,989 [INFO]   Fallback (donnees insuffisantes) : ema_crossover
2026-03-30 16:53:45,993 [INFO] Strategie : ema_crossover  |  Signal : HOLD  |  Prix : $2650.00
2026-03-30 16:53:45,994 [INFO] En attente d'un signal...
2026-03-30 16:53:45,995 [INFO] Marge dispo : $1000000.00  |  Trades aujourd'hui : 0/20 | P&L total : $+0.00 | Cooldown : False
2026-03-30 16:54:45,998 [INFO] 
-- Cycle #36  14:54:45 UTC --
2026-03-30 16:54:45,999 [INFO] Sessions actives : London, New York
2026-03-30 16:54:51,042 [INFO] Load Balancer
2026-03-30 16:54:51,043 [INFO]   ema_crossover             score=0.050 ##
2026-03-30 16:54:51,043 [INFO]   rsi_mean_reversion        score=0.050 ##
2026-03-30 16:54:51,044 [INFO]   bollinger_breakout        score=0.050 ##
2026-03-30 16:54:51,045 [INFO]   vwap_momentum             score=0.050 ##
2026-03-30 16:54:51,046 [INFO]   macd_scalp                score=0.050 ##
2026-03-30 16:54:51,046 [INFO]   heiken_ashi               score=0.050 ##
2026-03-30 16:54:51,047 [INFO]   Fallback (donnees insuffisantes) : ema_crossover
2026-03-30 16:54:51,050 [INFO] Strategie : ema_crossover  |  Signal : HOLD  |  Prix : $2650.00
2026-03-30 16:54:51,051 [INFO] En attente d'un signal...
2026-03-30 16:54:51,052 [INFO] Marge dispo : $1000000.00  |  Trades aujourd'hui : 0/20 | P&L total : $+0.00 | Cooldown : False
2026-03-30 16:55:51,054 [INFO] 
-- Cycle #37  14:55:51 UTC --
2026-03-30 16:55:51,055 [INFO] Sessions actives : London, New York
2026-03-30 16:55:56,094 [INFO] Load Balancer
2026-03-30 16:55:56,095 [INFO]   ema_crossover             score=0.050 ##
2026-03-30 16:55:56,095 [INFO]   rsi_mean_reversion        score=0.050 ##
2026-03-30 16:55:56,096 [INFO]   bollinger_breakout        score=0.050 ##
2026-03-30 16:55:56,097 [INFO]   vwap_momentum             score=0.050 ##
2026-03-30 16:55:56,098 [INFO]   macd_scalp                score=0.050 ##
2026-03-30 16:55:56,099 [INFO]   heiken_ashi               score=0.050 ##
2026-03-30 16:55:56,099 [INFO]   Fallback (donnees insuffisantes) : ema_crossover
2026-03-30 16:55:56,102 [INFO] Strategie : ema_crossover  |  Signal : HOLD  |  Prix : $2650.00
2026-03-30 16:55:56,103 [INFO] En attente d'un signal...
2026-03-30 16:55:56,105 [INFO] Marge dispo : $1000000.00  |  Trades aujourd'hui : 0/20 | P&L total : $+0.00 | Cooldown : False
2026-03-30 16:56:56,106 [INFO] 
-- Cycle #38  14:56:56 UTC --
2026-03-30 16:56:56,107 [INFO] Sessions actives : London, New York
2026-03-30 16:57:01,155 [INFO] Load Balancer
2026-03-30 16:57:01,156 [INFO]   ema_crossover             score=0.050 ##
2026-03-30 16:57:01,157 [INFO]   rsi_mean_reversion        score=0.050 ##
2026-03-30 16:57:01,158 [INFO]   bollinger_breakout        score=0.050 ##
2026-03-30 16:57:01,158 [INFO]   vwap_momentum             score=0.050 ##
2026-03-30 16:57:01,159 [INFO]   macd_scalp                score=0.050 ##
2026-03-30 16:57:01,160 [INFO]   heiken_ashi               score=0.050 ##
2026-03-30 16:57:01,161 [INFO]   Fallback (donnees insuffisantes) : ema_crossover
2026-03-30 16:57:01,165 [INFO] Strategie : ema_crossover  |  Signal : HOLD  |  Prix : $2650.00
2026-03-30 16:57:01,166 [INFO] En attente d'un signal...
2026-03-30 16:57:01,167 [INFO] Marge dispo : $1000000.00  |  Trades aujourd'hui : 0/20 | P&L total : $+0.00 | Cooldown : False
2026-03-30 16:58:01,169 [INFO] 
-- Cycle #39  14:58:01 UTC --
2026-03-30 16:58:01,170 [INFO] Sessions actives : London, New York
2026-03-30 16:58:06,272 [INFO] Load Balancer
2026-03-30 16:58:06,273 [INFO]   ema_crossover             score=0.050 ##
2026-03-30 16:58:06,274 [INFO]   rsi_mean_reversion        score=0.050 ##
2026-03-30 16:58:06,275 [INFO]   bollinger_breakout        score=0.050 ##
2026-03-30 16:58:06,276 [INFO]   vwap_momentum             score=0.050 ##
2026-03-30 16:58:06,277 [INFO]   macd_scalp                score=0.050 ##
2026-03-30 16:58:06,278 [INFO]   heiken_ashi               score=0.050 ##
2026-03-30 16:58:06,279 [INFO]   Fallback (donnees insuffisantes) : ema_crossover
2026-03-30 16:58:06,283 [INFO] Strategie : ema_crossover  |  Signal : HOLD  |  Prix : $2650.00
2026-03-30 16:58:06,284 [INFO] En attente d'un signal...
2026-03-30 16:58:06,287 [INFO] Marge dispo : $1000000.00  |  Trades aujourd'hui : 0/20 | P&L total : $+0.00 | Cooldown : False
2026-03-30 16:59:06,289 [INFO] 
-- Cycle #40  14:59:06 UTC --
2026-03-30 16:59:06,291 [INFO] Sessions actives : London, New York
2026-03-30 16:59:11,338 [INFO] Load Balancer
2026-03-30 16:59:11,339 [INFO]   ema_crossover             score=0.050 ##
2026-03-30 16:59:11,340 [INFO]   rsi_mean_reversion        score=0.050 ##
2026-03-30 16:59:11,341 [INFO]   bollinger_breakout        score=0.050 ##
2026-03-30 16:59:11,342 [INFO]   vwap_momentum             score=0.050 ##
2026-03-30 16:59:11,343 [INFO]   macd_scalp                score=0.050 ##
2026-03-30 16:59:11,344 [INFO]   heiken_ashi               score=0.050 ##
2026-03-30 16:59:11,345 [INFO]   Fallback (donnees insuffisantes) : ema_crossover
2026-03-30 16:59:11,348 [INFO] Strategie : ema_crossover  |  Signal : HOLD  |  Prix : $2650.00
2026-03-30 16:59:11,350 [INFO] En attente d'un signal...
2026-03-30 16:59:11,351 [INFO] Marge dispo : $1000000.00  |  Trades aujourd'hui : 0/20 | P&L total : $+0.00 | Cooldown : False
2026-03-30 17:00:11,353 [INFO] 
-- Cycle #41  15:00:11 UTC --
2026-03-30 17:00:11,354 [INFO] Sessions actives : London, New York
2026-03-30 17:00:16,413 [INFO] Load Balancer
2026-03-30 17:00:16,414 [INFO]   ema_crossover             score=0.050 ##
2026-03-30 17:00:16,415 [INFO]   rsi_mean_reversion        score=0.050 ##
2026-03-30 17:00:16,416 [INFO]   bollinger_breakout        score=0.050 ##
2026-03-30 17:00:16,417 [INFO]   vwap_momentum             score=0.050 ##
2026-03-30 17:00:16,417 [INFO]   macd_scalp                score=0.050 ##
2026-03-30 17:00:16,418 [INFO]   heiken_ashi               score=0.050 ##
2026-03-30 17:00:16,419 [INFO]   Fallback (donnees insuffisantes) : ema_crossover
2026-03-30 17:00:16,422 [INFO] Strategie : ema_crossover  |  Signal : HOLD  |  Prix : $2650.00
2026-03-30 17:00:16,423 [INFO] En attente d'un signal...
2026-03-30 17:00:16,424 [INFO] Marge dispo : $1000000.00  |  Trades aujourd'hui : 0/20 | P&L total : $+0.00 | Cooldown : False
2026-03-30 17:00:47,583 [INFO] Connection acknowledged
2026-03-30 17:00:47,594 [ERROR] IBKR Error 326: Impossible de se connecter car ce n° client est dйjа utilisй. Veuillez rйessayer avec un n° client unique.
2026-03-30 17:00:48,086 [INFO]  Connectй а IBKR via IBAPI
2026-03-30 17:00:48,088 [INFO] OrderExecutor initialise
2026-03-30 17:00:48,197 [WARNING] Connection closed
2026-03-30 17:01:06,214 [INFO] BUY 3.7735849056603774 oz @ $2650.00
2026-03-30 17:01:06,215 [ERROR] IBKR Error 504: Not connected
2026-03-30 17:01:16,221 [ERROR] Ordre non execute
2026-03-30 17:01:16,426 [INFO] 
-- Cycle #42  15:01:16 UTC --
2026-03-30 17:01:16,427 [INFO] Sessions actives : London, New York
2026-03-30 17:01:21,463 [INFO] Load Balancer
2026-03-30 17:01:21,464 [INFO]   ema_crossover             score=0.050 ##
2026-03-30 17:01:21,465 [INFO]   rsi_mean_reversion        score=0.050 ##
2026-03-30 17:01:21,465 [INFO]   bollinger_breakout        score=0.050 ##
2026-03-30 17:01:21,466 [INFO]   vwap_momentum             score=0.050 ##
2026-03-30 17:01:21,467 [INFO]   macd_scalp                score=0.050 ##
2026-03-30 17:01:21,468 [INFO]   heiken_ashi               score=0.050 ##
2026-03-30 17:01:21,469 [INFO]   Fallback (donnees insuffisantes) : ema_crossover
2026-03-30 17:01:21,472 [INFO] Strategie : ema_crossover  |  Signal : HOLD  |  Prix : $2650.00
2026-03-30 17:01:21,474 [INFO] En attente d'un signal...
2026-03-30 17:01:21,475 [INFO] Marge dispo : $1000000.00  |  Trades aujourd'hui : 0/20 | P&L total : $+0.00 | Cooldown : False
2026-03-30 17:02:21,477 [INFO] 
-- Cycle #43  15:02:21 UTC --
2026-03-30 17:02:21,478 [INFO] Sessions actives : London, New York
2026-03-30 17:02:26,515 [INFO] Load Balancer
2026-03-30 17:02:26,516 [INFO]   ema_crossover             score=0.050 ##
2026-03-30 17:02:26,517 [INFO]   rsi_mean_reversion        score=0.050 ##
2026-03-30 17:02:26,518 [INFO]   bollinger_breakout        score=0.050 ##
2026-03-30 17:02:26,519 [INFO]   vwap_momentum             score=0.050 ##
2026-03-30 17:02:26,520 [INFO]   macd_scalp                score=0.050 ##
2026-03-30 17:02:26,521 [INFO]   heiken_ashi               score=0.050 ##
2026-03-30 17:02:26,521 [INFO]   Fallback (donnees insuffisantes) : ema_crossover
2026-03-30 17:02:26,524 [INFO] Strategie : ema_crossover  |  Signal : HOLD  |  Prix : $2650.00
2026-03-30 17:02:26,526 [INFO] En attente d'un signal...
2026-03-30 17:02:26,527 [INFO] Marge dispo : $1000000.00  |  Trades aujourd'hui : 0/20 | P&L total : $+0.00 | Cooldown : False
2026-03-30 17:03:26,528 [INFO] 
-- Cycle #44  15:03:26 UTC --
2026-03-30 17:03:26,530 [INFO] Sessions actives : London, New York
2026-03-30 17:03:31,565 [INFO] Load Balancer
2026-03-30 17:03:31,566 [INFO]   ema_crossover             score=0.050 ##
2026-03-30 17:03:31,567 [INFO]   rsi_mean_reversion        score=0.050 ##
2026-03-30 17:03:31,568 [INFO]   bollinger_breakout        score=0.050 ##
2026-03-30 17:03:31,569 [INFO]   vwap_momentum             score=0.050 ##
2026-03-30 17:03:31,570 [INFO]   macd_scalp                score=0.050 ##
2026-03-30 17:03:31,571 [INFO]   heiken_ashi               score=0.050 ##
2026-03-30 17:03:31,572 [INFO]   Fallback (donnees insuffisantes) : ema_crossover
2026-03-30 17:03:31,575 [INFO] Strategie : ema_crossover  |  Signal : HOLD  |  Prix : $2650.00
2026-03-30 17:03:31,576 [INFO] En attente d'un signal...
2026-03-30 17:03:31,578 [INFO] Marge dispo : $1000000.00  |  Trades aujourd'hui : 0/20 | P&L total : $+0.00 | Cooldown : False
2026-03-30 17:04:31,580 [INFO] 
-- Cycle #45  15:04:31 UTC --
2026-03-30 17:04:31,581 [INFO] Sessions actives : London, New York
2026-03-30 17:04:36,623 [INFO] Load Balancer
2026-03-30 17:04:36,624 [INFO]   ema_crossover             score=0.050 ##
2026-03-30 17:04:36,625 [INFO]   rsi_mean_reversion        score=0.050 ##
2026-03-30 17:04:36,627 [INFO]   bollinger_breakout        score=0.050 ##
2026-03-30 17:04:36,628 [INFO]   vwap_momentum             score=0.050 ##
2026-03-30 17:04:36,629 [INFO]   macd_scalp                score=0.050 ##
2026-03-30 17:04:36,630 [INFO]   heiken_ashi               score=0.050 ##
2026-03-30 17:04:36,631 [INFO]   Fallback (donnees insuffisantes) : ema_crossover
2026-03-30 17:04:36,634 [INFO] Strategie : ema_crossover  |  Signal : HOLD  |  Prix : $2650.00
2026-03-30 17:04:36,636 [INFO] En attente d'un signal...
2026-03-30 17:04:36,638 [INFO] Marge dispo : $1000000.00  |  Trades aujourd'hui : 0/20 | P&L total : $+0.00 | Cooldown : False
2026-03-30 17:05:36,640 [INFO] 
-- Cycle #46  15:05:36 UTC --
2026-03-30 17:05:36,642 [INFO] Sessions actives : London, New York
2026-03-30 17:05:41,690 [INFO] Load Balancer
2026-03-30 17:05:41,691 [INFO]   ema_crossover             score=0.050 ##
2026-03-30 17:05:41,691 [INFO]   rsi_mean_reversion        score=0.050 ##
2026-03-30 17:05:41,692 [INFO]   bollinger_breakout        score=0.050 ##
2026-03-30 17:05:41,693 [INFO]   vwap_momentum             score=0.050 ##
2026-03-30 17:05:41,694 [INFO]   macd_scalp                score=0.050 ##
2026-03-30 17:05:41,695 [INFO]   heiken_ashi               score=0.050 ##
2026-03-30 17:05:41,695 [INFO]   Fallback (donnees insuffisantes) : ema_crossover
2026-03-30 17:05:41,699 [INFO] Strategie : ema_crossover  |  Signal : HOLD  |  Prix : $2650.00
2026-03-30 17:05:41,700 [INFO] En attente d'un signal...
2026-03-30 17:05:41,701 [INFO] Marge dispo : $1000000.00  |  Trades aujourd'hui : 0/20 | P&L total : $+0.00 | Cooldown : False
2026-03-30 17:06:41,712 [INFO] 
-- Cycle #47  15:06:41 UTC --
2026-03-30 17:06:41,716 [INFO] Sessions actives : London, New York
2026-03-30 17:06:46,787 [INFO] Load Balancer
2026-03-30 17:06:46,796 [INFO]   ema_crossover             score=0.050 ##
2026-03-30 17:06:46,802 [INFO]   rsi_mean_reversion        score=0.050 ##
2026-03-30 17:06:46,804 [INFO]   bollinger_breakout        score=0.050 ##
2026-03-30 17:06:46,817 [INFO]   vwap_momentum             score=0.050 ##
2026-03-30 17:06:46,819 [INFO]   macd_scalp                score=0.050 ##
2026-03-30 17:06:46,826 [INFO]   heiken_ashi               score=0.050 ##
2026-03-30 17:06:46,834 [INFO]   Fallback (donnees insuffisantes) : ema_crossover
2026-03-30 17:06:46,837 [INFO] Strategie : ema_crossover  |  Signal : HOLD  |  Prix : $2650.00
2026-03-30 17:06:46,838 [INFO] En attente d'un signal...
2026-03-30 17:06:46,845 [INFO] Marge dispo : $1000000.00  |  Trades aujourd'hui : 0/20 | P&L total : $+0.00 | Cooldown : False
2026-03-30 17:07:43,068 [INFO] Tentative de connexion avec clientId=1...
2026-03-30 17:07:43,083 [INFO] Connection acknowledged
2026-03-30 17:07:43,091 [INFO] Next valid order ID: 1
2026-03-30 17:07:43,093 [DEBUG] IBKR Info: La connexion de donnйes de marchй est OK:usfarm
2026-03-30 17:07:43,094 [ERROR] IBKR Error 2107: La connexion de donnйes HMDS est inactive mais disponible sur demande.ushmds
2026-03-30 17:07:43,096 [DEBUG] IBKR Info: La connexion de la batterie de serveurs Sec-def est OK:secdefnj
2026-03-30 17:07:43,586 [INFO] Connecte a IBKR via IBAPI
2026-03-30 17:07:44,589 [INFO] OrderExecutor initialise
2026-03-30 17:07:44,958 [ERROR] IBKR Error 2119: Connexion aux donnйes de marchй:eufarm
2026-03-30 17:07:45,930 [DEBUG] IBKR Info: La connexion de donnйes de marchй est OK:eufarm
2026-03-30 17:07:46,285 [ERROR] IBKR Error 10167: Pas d'abonnement aux donnйes de marchй demandйes. Les donnйes de marchй en diffйrй sont affichйes...
2026-03-30 17:13:22,655 [INFO] Tentative de connexion avec clientId=1...
2026-03-30 17:13:22,672 [INFO] Connection acknowledged
2026-03-30 17:13:22,681 [INFO] Next valid order ID: 1
2026-03-30 17:13:22,682 [DEBUG] IBKR Info: La connexion de donnйes de marchй est OK:eufarm
2026-03-30 17:13:22,684 [DEBUG] IBKR Info: La connexion de donnйes de marchй est OK:usfarm
2026-03-30 17:13:22,685 [ERROR] IBKR Error 2107: La connexion de donnйes HMDS est inactive mais disponible sur demande.ushmds
2026-03-30 17:13:22,687 [DEBUG] IBKR Info: La connexion de la batterie de serveurs Sec-def est OK:secdefnj
2026-03-30 17:13:23,175 [INFO] Connecte a IBKR via IBAPI
2026-03-30 17:13:24,178 [INFO] OrderExecutor initialise
2026-03-30 17:13:24,744 [ERROR] IBKR Error 10167: Pas d'abonnement aux donnйes de marchй demandйes. Les donnйes de marchй en diffйrй sont affichйes...
2026-03-30 17:15:39,156 [INFO] BUY 37.735849056603776 oz @ $2650.00
2026-03-30 17:15:39,443 [ERROR] IBKR Error 10318: This order doesn't support fractional quantity trading
2026-03-30 17:15:49,162 [WARNING] Ordre non execute apres 10 secondes
2026-03-30 17:15:49,164 [ERROR] Ordre non execute
2026-03-30 17:16:54,887 [INFO] Tentative de connexion avec clientId=1...
2026-03-30 17:16:54,931 [INFO] Connection acknowledged
2026-03-30 17:16:54,942 [INFO] Next valid order ID: 2
2026-03-30 17:16:54,944 [DEBUG] IBKR Info: La connexion de donnйes de marchй est OK:eufarm
2026-03-30 17:16:54,945 [DEBUG] IBKR Info: La connexion de donnйes de marchй est OK:usfarm
2026-03-30 17:16:54,947 [ERROR] IBKR Error 2107: La connexion de donnйes HMDS est inactive mais disponible sur demande.ushmds
2026-03-30 17:16:54,949 [DEBUG] IBKR Info: La connexion de la batterie de serveurs Sec-def est OK:secdefnj
2026-03-30 17:16:55,436 [INFO] Connecte a IBKR via IBAPI
2026-03-30 17:16:56,438 [INFO] OrderExecutor initialise
2026-03-30 17:16:57,046 [ERROR] IBKR Error 10167: Pas d'abonnement aux donnйes de marchй demandйes. Les donnйes de marchй en diffйrй sont affichйes...
2026-03-30 17:18:46,541 [INFO] =======================================================
2026-03-30 17:18:46,543 [INFO]   GOLD SCALPER BOT - INTERACTIVE BROKERS (IBKR)
2026-03-30 17:18:46,544 [INFO]   Symbole  : XAU/USD
2026-03-30 17:18:46,545 [INFO]   Capital  : $10000
2026-03-30 17:18:46,546 [INFO]   Risque   : 2% / trade
2026-03-30 17:18:46,547 [INFO] =======================================================
2026-03-30 17:18:46,548 [INFO] Tentative de connexion avec clientId=1...
2026-03-30 17:18:46,568 [INFO] Connection acknowledged
2026-03-30 17:18:46,582 [INFO] Next valid order ID: 2
2026-03-30 17:18:46,584 [DEBUG] IBKR Info: La connexion de donnйes de marchй est OK:eufarm
2026-03-30 17:18:46,587 [DEBUG] IBKR Info: La connexion de donnйes de marchй est OK:usfarm
2026-03-30 17:18:46,592 [ERROR] IBKR Error 2107: La connexion de donnйes HMDS est inactive mais disponible sur demande.ushmds
2026-03-30 17:18:46,596 [DEBUG] IBKR Info: La connexion de la batterie de serveurs Sec-def est OK:secdefnj
2026-03-30 17:18:47,072 [INFO] Connecte a IBKR via IBAPI
2026-03-30 17:18:48,075 [INFO] OrderExecutor initialise
2026-03-30 17:18:48,076 [INFO] OrderExecutor initialise avec succes
2026-03-30 17:18:48,078 [INFO] 
-- Cycle #1  15:18:48 UTC --
2026-03-30 17:18:48,079 [INFO] Sessions actives : London, New York
2026-03-30 17:18:48,711 [ERROR] IBKR Error 10167: Pas d'abonnement aux donnйes de marchй demandйes. Les donnйes de marchй en diffйrй sont affichйes...
2026-03-30 17:18:53,148 [ERROR] Erreur boucle principale: 'RiskManager' object has no attribute 'start_capital'
2026-03-30 17:19:53,151 [INFO] 
-- Cycle #2  15:19:53 UTC --
2026-03-30 17:19:53,152 [INFO] Sessions actives : London, New York
2026-03-30 17:19:58,197 [ERROR] Erreur boucle principale: 'RiskManager' object has no attribute 'start_capital'
2026-03-30 17:20:58,197 [INFO] 
-- Cycle #3  15:20:58 UTC --
2026-03-30 17:20:58,198 [INFO] Sessions actives : London, New York
2026-03-30 17:21:03,216 [ERROR] Erreur boucle principale: 'RiskManager' object has no attribute 'start_capital'
2026-03-30 17:22:03,217 [INFO] 
-- Cycle #4  15:22:03 UTC --
2026-03-30 17:22:03,217 [INFO] Sessions actives : London, New York
2026-03-30 17:22:08,229 [ERROR] Erreur boucle principale: 'RiskManager' object has no attribute 'start_capital'
2026-03-30 17:23:08,230 [INFO] 
-- Cycle #5  15:23:08 UTC --
2026-03-30 17:23:08,231 [INFO] Sessions actives : London, New York
2026-03-30 17:23:13,249 [ERROR] Erreur boucle principale: 'RiskManager' object has no attribute 'start_capital'
2026-03-30 17:24:13,250 [INFO] 
-- Cycle #6  15:24:13 UTC --
2026-03-30 17:24:13,251 [INFO] Sessions actives : London, New York
2026-03-30 17:24:18,265 [ERROR] Erreur boucle principale: 'RiskManager' object has no attribute 'start_capital'
2026-03-30 17:25:18,265 [INFO] 
-- Cycle #7  15:25:18 UTC --
2026-03-30 17:25:18,266 [INFO] Sessions actives : London, New York
2026-03-30 17:25:23,280 [ERROR] Erreur boucle principale: 'RiskManager' object has no attribute 'start_capital'
2026-03-30 17:26:23,280 [INFO] 
-- Cycle #8  15:26:23 UTC --
2026-03-30 17:26:23,281 [INFO] Sessions actives : London, New York
2026-03-30 17:26:28,297 [ERROR] Erreur boucle principale: 'RiskManager' object has no attribute 'start_capital'
2026-03-30 17:27:28,299 [INFO] 
-- Cycle #9  15:27:28 UTC --
2026-03-30 17:27:28,299 [INFO] Sessions actives : London, New York
2026-03-30 17:27:33,316 [ERROR] Erreur boucle principale: 'RiskManager' object has no attribute 'start_capital'
2026-03-30 17:28:33,317 [INFO] 
-- Cycle #10  15:28:33 UTC --
2026-03-30 17:28:33,318 [INFO] Sessions actives : London, New York
2026-03-30 17:28:38,337 [ERROR] Erreur boucle principale: 'RiskManager' object has no attribute 'start_capital'
2026-03-30 17:29:38,338 [INFO] 
-- Cycle #11  15:29:38 UTC --
2026-03-30 17:29:38,338 [INFO] Sessions actives : London, New York
2026-03-30 17:29:43,352 [ERROR] Erreur boucle principale: 'RiskManager' object has no attribute 'start_capital'
2026-03-30 17:30:43,353 [INFO] 
-- Cycle #12  15:30:43 UTC --
2026-03-30 17:30:43,354 [INFO] Sessions actives : London, New York
2026-03-30 17:30:48,369 [ERROR] Erreur boucle principale: 'RiskManager' object has no attribute 'start_capital'
2026-03-30 17:31:48,369 [INFO] 
-- Cycle #13  15:31:48 UTC --
2026-03-30 17:31:48,370 [INFO] Sessions actives : London, New York
2026-03-30 17:31:53,388 [ERROR] Erreur boucle principale: 'RiskManager' object has no attribute 'start_capital'
2026-03-30 17:32:53,389 [INFO] 
-- Cycle #14  15:32:53 UTC --
2026-03-30 17:32:53,390 [INFO] Sessions actives : London, New York
2026-03-30 17:32:58,405 [ERROR] Erreur boucle principale: 'RiskManager' object has no attribute 'start_capital'
2026-03-30 17:33:58,405 [INFO] 
-- Cycle #15  15:33:58 UTC --
2026-03-30 17:33:58,406 [INFO] Sessions actives : London, New York
2026-03-30 17:34:03,421 [ERROR] Erreur boucle principale: 'RiskManager' object has no attribute 'start_capital'
2026-03-30 17:35:03,422 [INFO] 
-- Cycle #16  15:35:03 UTC --
2026-03-30 17:35:03,423 [INFO] Sessions actives : London, New York
2026-03-30 17:35:08,437 [ERROR] Erreur boucle principale: 'RiskManager' object has no attribute 'start_capital'
2026-03-30 17:36:08,438 [INFO] 
-- Cycle #17  15:36:08 UTC --
2026-03-30 17:36:08,439 [INFO] Sessions actives : London, New York
2026-03-30 17:36:13,454 [ERROR] Erreur boucle principale: 'RiskManager' object has no attribute 'start_capital'
2026-03-30 17:37:13,455 [INFO] 
-- Cycle #18  15:37:13 UTC --
2026-03-30 17:37:13,455 [INFO] Sessions actives : London, New York
2026-03-30 17:37:18,475 [ERROR] Erreur boucle principale: 'RiskManager' object has no attribute 'start_capital'
2026-03-30 17:38:18,475 [INFO] 
-- Cycle #19  15:38:18 UTC --
2026-03-30 17:38:18,476 [INFO] Sessions actives : London, New York
2026-03-30 17:38:23,496 [ERROR] Erreur boucle principale: 'RiskManager' object has no attribute 'start_capital'
2026-03-30 17:39:23,497 [INFO] 
-- Cycle #20  15:39:23 UTC --
2026-03-30 17:39:23,498 [INFO] Sessions actives : London, New York
2026-03-30 17:39:28,514 [ERROR] Erreur boucle principale: 'RiskManager' object has no attribute 'start_capital'
2026-03-30 17:40:28,515 [INFO] 
-- Cycle #21  15:40:28 UTC --
2026-03-30 17:40:28,515 [INFO] Sessions actives : London, New York
2026-03-30 17:40:33,531 [ERROR] Erreur boucle principale: 'RiskManager' object has no attribute 'start_capital'
2026-03-30 17:41:33,531 [INFO] 
-- Cycle #22  15:41:33 UTC --
2026-03-30 17:41:33,532 [INFO] Sessions actives : London, New York
2026-03-30 17:41:38,549 [ERROR] Erreur boucle principale: 'RiskManager' object has no attribute 'start_capital'
2026-03-30 17:42:38,549 [INFO] 
-- Cycle #23  15:42:38 UTC --
2026-03-30 17:42:38,550 [INFO] Sessions actives : London, New York
2026-03-30 17:42:43,564 [ERROR] Erreur boucle principale: 'RiskManager' object has no attribute 'start_capital'
2026-03-30 17:43:43,565 [INFO] 
-- Cycle #24  15:43:43 UTC --
2026-03-30 17:43:43,566 [INFO] Sessions actives : London, New York
2026-03-30 17:43:48,582 [ERROR] Erreur boucle principale: 'RiskManager' object has no attribute 'start_capital'
2026-03-30 17:44:48,583 [INFO] 
-- Cycle #25  15:44:48 UTC --
2026-03-30 17:44:48,584 [INFO] Sessions actives : London, New York
2026-03-30 17:44:53,603 [ERROR] Erreur boucle principale: 'RiskManager' object has no attribute 'start_capital'
2026-03-30 17:45:53,604 [INFO] 
-- Cycle #26  15:45:53 UTC --
2026-03-30 17:45:53,604 [INFO] Sessions actives : London, New York
2026-03-30 17:45:58,617 [ERROR] Erreur boucle principale: 'RiskManager' object has no attribute 'start_capital'
2026-03-30 17:46:58,619 [INFO] 
-- Cycle #27  15:46:58 UTC --
2026-03-30 17:46:58,619 [INFO] Sessions actives : London, New York
2026-03-30 17:47:03,636 [ERROR] Erreur boucle principale: 'RiskManager' object has no attribute 'start_capital'
2026-03-30 17:48:03,637 [INFO] 
-- Cycle #28  15:48:03 UTC --
2026-03-30 17:48:03,637 [INFO] Sessions actives : London, New York
2026-03-30 17:48:08,654 [ERROR] Erreur boucle principale: 'RiskManager' object has no attribute 'start_capital'
2026-03-30 17:49:08,655 [INFO] 
-- Cycle #29  15:49:08 UTC --
2026-03-30 17:49:08,656 [INFO] Sessions actives : London, New York
2026-03-30 17:49:13,672 [ERROR] Erreur boucle principale: 'RiskManager' object has no attribute 'start_capital'
2026-03-30 17:50:13,673 [INFO] 
-- Cycle #30  15:50:13 UTC --
2026-03-30 17:50:13,673 [INFO] Sessions actives : London, New York
2026-03-30 17:50:18,693 [ERROR] Erreur boucle principale: 'RiskManager' object has no attribute 'start_capital'
2026-03-30 17:50:19,490 [INFO] Arret du bot (Ctrl+C)
2026-03-30 17:50:19,646 [INFO] Arret du bot (Ctrl+C)
